Log file open, 03/03/15 19:15:10
LogInit:Display: Running engine for game: FP_Experiment
LogInit: Version: 4.7.1-2462028+++depot+UE4-Releases+4.7
LogInit: API Version: 2455222
LogInit: Compiled (64-bit): Feb 26 2015 07:49:00
LogInit: Compiled with Visual C++: 18.00.21005.01
LogInit: Build Configuration: Development
LogInit: Branch Name: ++depot+UE4-Releases+4.7
LogInit: Command line: 
LogInit: Base directory: C:/Program Files/Unreal Engine/4.7/Engine/Binaries/Win64/
LogInit: Rocket: 1
[2015.03.04-01.15.10:274][  0]LogTaskGraph: Started task graph with 3 named threads and 4 total threads.
[2015.03.04-01.15.10:308][  0]LogOnline:Warning: No default platform service specified for OnlineSubsystem
[2015.03.04-01.15.10:322][  0]LogInit: Presizing for 0 objects not considered by GC, pre-allocating 0 bytes.
[2015.03.04-01.15.10:333][  0]LogInit: Object subsystem initialized
[2015.03.04-01.15.10:334][  0]LogConsoleResponse:Warning: Skipping Unknown console variable: 'UIScaleRule = ShortestSide'
[2015.03.04-01.15.10:334][  0]LogConsoleResponse:Warning:   Found in ini file 'C:/Users/Blake/Documents/Unreal Projects/FP_Experiment3/Saved/Config/Windows/Engine.ini', in section '[/Script/Engine.RendererSettings]'
[2015.03.04-01.15.10:334][  0]LogConsoleResponse:Warning: Skipping Unknown console variable: 'UIScaleCurve = (EditorCurveData=(Keys=),ExternalCurve=None)'
[2015.03.04-01.15.10:334][  0]LogConsoleResponse:Warning:   Found in ini file 'C:/Users/Blake/Documents/Unreal Projects/FP_Experiment3/Saved/Config/Windows/Engine.ini', in section '[/Script/Engine.RendererSettings]'
[2015.03.04-01.15.10:335][  0]LogConsoleManager:Warning: Console variable 'r.MSAA.CompositingSampleCount' wasn't set (Priority ProjectSetting < Scalability)
[2015.03.04-01.15.10:335][  0]LogInit: Selected Device Profile: [Windows]
[2015.03.04-01.15.10:335][  0]LogInit: Applying CVar settings loaded from the selected device profile: [Windows]
[2015.03.04-01.15.10:377][  0]LogInit: Computer: ASUSLAPTOPBLAKE
[2015.03.04-01.15.10:377][  0]LogInit: User: Blake
[2015.03.04-01.15.10:377][  0]LogInit: CPU Page size=4096, Cores=2
[2015.03.04-01.15.10:377][  0]LogInit: High frequency timer resolution =2.533321 MHz
[2015.03.04-01.15.10:377][  0]LogMemory: Memory total: Physical=5.9GB (6GB approx) Virtual=131072.0GB
[2015.03.04-01.15.10:377][  0]LogMemory: Platform Memory Stats for Windows
[2015.03.04-01.15.10:377][  0]LogMemory: Process Physical Memory: 46.46 MB used, 46.46 MB peak
[2015.03.04-01.15.10:377][  0]LogMemory: Process Virtual Memory: 26.64 MB used, 26.64 MB peak
[2015.03.04-01.15.10:377][  0]LogMemory: Physical Memory: 2580.87 MB used, 6029.58 MB total
[2015.03.04-01.15.10:377][  0]LogMemory: Virtual Memory: 285.94 MB used, 134217728.00 MB total
[2015.03.04-01.15.10:403][  0]LogD3D11RHI: Found D3D11 adapter 0: NVIDIA GeForce 610M         (Feature Level 11_0)
[2015.03.04-01.15.10:403][  0]LogD3D11RHI: Adapter has 971MB of dedicated video memory, 0MB of dedicated system memory, and 3014MB of shared system memory, 1 output[s]
[2015.03.04-01.15.10:414][  0]LogD3D11RHI: Found D3D11 adapter 1: NVIDIA GeForce 610M         (Feature Level 11_0)
[2015.03.04-01.15.10:414][  0]LogD3D11RHI: Adapter has 971MB of dedicated video memory, 0MB of dedicated system memory, and 3014MB of shared system memory, 0 output[s]
[2015.03.04-01.15.10:415][  0]LogD3D11RHI: Found D3D11 adapter 2: Microsoft Basic Render Driver (Feature Level 11_0)
[2015.03.04-01.15.10:415][  0]LogD3D11RHI: Adapter has 971MB of dedicated video memory, 0MB of dedicated system memory, and 3014MB of shared system memory, 0 output[s]
[2015.03.04-01.15.10:415][  0]LogD3D11RHI: Chosen D3D11 Adapter Id = 0
[2015.03.04-01.15.10:420][  0]LogRHI: Texture pool is 680 MB (70% of 971 MB)
[2015.03.04-01.15.10:429][  0]LogD3D11RHI: Async texture creation enabled
[2015.03.04-01.15.10:491][  0]LogTextLocalizationManager: The requested culture ('en_US') has no localization data; parent culture's ('en') localization data will be used.
[2015.03.04-01.15.10:643][  0]LogContentStreaming: Texture pool size is 0.000000MB
[2015.03.04-01.15.13:212][  0]LogTargetPlatformManager:Display: Building Assets For Windows
[2015.03.04-01.15.13:857][  0]LogTargetPlatformManager:Display: Building Assets For Windows
[2015.03.04-01.15.13:925][  0]LogDerivedDataCache:Display: Max Cache Size: 512 MB
[2015.03.04-01.15.13:990][  0]LogDerivedDataCache: Loaded boot cache 0.06s 51MB C:/Users/Blake/AppData/Local/UnrealEngine/4.7/DerivedDataCache/Boot.ddc.
[2015.03.04-01.15.13:990][  0]LogDerivedDataCache:Display: Loaded Boot cache: C:/Users/Blake/AppData/Local/UnrealEngine/4.7/DerivedDataCache/Boot.ddc
[2015.03.04-01.15.13:990][  0]LogDerivedDataCache: FDerivedDataBackendGraph:  Pak pak cache file ../../../../../../Users/Blake/Documents/Unreal Projects/FP_Experiment3/DerivedDataCache/DDC.ddp not found, will not use a pak cache.
[2015.03.04-01.15.13:990][  0]LogDerivedDataCache: Unable to find inner node Pak for hierarchical cache Hierarchy.
[2015.03.04-01.15.14:122][  0]LogDerivedDataCache:Display: Pak cache opened for reading ../../../Engine/DerivedDataCache/Compressed.ddp.
[2015.03.04-01.15.14:134][  0]LogDerivedDataCache: Using Local data cache path C:/Users/Blake/AppData/Local/UnrealEngine/Common/DerivedDataCache: Writable
[2015.03.04-01.15.14:451][  0]LogMeshUtilities: No automatic mesh reduction module available
[2015.03.04-01.15.14:451][  0]LogMeshUtilities: No automatic mesh merging module available
[2015.03.04-01.15.14:894][  0]LogInit: WinSock: version 1.1 (2.2), MaxSocks=32767, MaxUdp=65467
[2015.03.04-01.15.14:977][  0]LogSlate:Warning: Failed to load font data from '../../../Engine/Content/Slate/Fonts/Roboto-Italic.ttf'
[2015.03.04-01.15.15:750][  0]UdpMessaging: Initializing bridge on interface 0.0.0.0:0 to multicast group 230.0.0.1:6666.
[2015.03.04-01.15.15:970][  0]SourceControl: Info Source control is disabled
[2015.03.04-01.15.15:970][  0]SourceControl: Info Source control is disabled
[2015.03.04-01.15.15:970][  0]SourceControl: Info Source control is disabled
[2015.03.04-01.15.15:970][  0]LogSourceControl: RunCommandInternalRaw: 'git version'
[2015.03.04-01.15.15:970][  0]LogSourceControl: RunCommandInternalRaw: ExecProcess ReturnCode=2 OutResults=''
[2015.03.04-01.15.15:979][  0]SourceControl: Info Source control is disabled
[2015.03.04-01.15.16:176][  0]LogObj: 24231 objects as part of root set at end of initial load.
[2015.03.04-01.15.16:176][  0]LogUObjectAllocator: 5136440 out of 0 bytes used by permanent object pool.
[2015.03.04-01.15.16:283][  0]LogEngine: Initializing Engine...
[2015.03.04-01.15.20:143][  0]OCULUS: 
[2015.03.04-01.15.20:298][  0]LogInit: XAudio2 using 'Speakers (VIA High Definition Audio)' : 2 channels at 48 kHz using 32 bits per sample (channel mask 0x3)
[2015.03.04-01.15.20:326][  0]LogInit: FAudioDevice initialized.
[2015.03.04-01.15.20:366][  0]LogAIModule: Creating AISystem for world NewWorld
[2015.03.04-01.15.20:395][  0]LogDerivedDataCache: Saved boot cache 0.03s 51MB C:/Users/Blake/AppData/Local/UnrealEngine/4.7/DerivedDataCache/Boot.ddc.
[2015.03.04-01.15.20:400][  0]LogInit: Texture streaming: Enabled
[2015.03.04-01.15.20:499][  0]LogAnalytics: Creating configured Analytics provider AnalyticsET
[2015.03.04-01.15.20:499][  0]LogAnalytics: ET APIKey = Rocket.Release. APIServer = http://et2.epicgames.com/ET2/. AppVersion = 4.7.1-2462028+++depot+UE4-Releases+4.7
[2015.03.04-01.15.20:499][  0]LogAnalytics: ET APIKey = Rocket.Release. DataRouterUploadURL = https://datarouter-public-service-gamedev.ol.epicgames.net/datarouter/api/v1/public/data. AppVersion = 4.7.1-2462028+++depot+UE4-Releases+4.7
[2015.03.04-01.15.20:499][  0]LogAnalytics: SetUserId 57cd5459499b77e78647aaa0102ac1d4|d9c4cfea13de44a3a8e3f0988f4319c9|f46ea8ad-ab5b-452b-856b-838d753487a9
[2015.03.04-01.15.20:499][  0]LogAnalytics: AnalyticsET::StartSession [Rocket.Release]
[2015.03.04-01.15.20:539][  0]LogInit: Transaction tracking system initialized
[2015.03.04-01.15.20:719][  0]BlueprintLog: New page: Editor Load
[2015.03.04-01.15.20:756][  0]LogAssetRegistry: FAssetRegistry took 0.0105 seconds to start up
[2015.03.04-01.15.20:756][  0]LogDirectoryWatcher:Warning: Failed to begin reading directory changes for ../../../Engine/Plugins/Experimental/CharacterAI/Content/. Error: 0
[2015.03.04-01.15.21:426][  0]LogTargetPlatformManager:Display: Building Assets For Windows
[2015.03.04-01.15.21:903][  0]LogTargetPlatformManager:Display: Building Assets For Windows
[2015.03.04-01.15.22:272][  0]LogSlate:Warning: Failed to load font data from '../../../Engine/Content/Editor/Slate/Fonts/Roboto-Regular.ttf'
[2015.03.04-01.15.22:273][  0]LogSlate:Warning: Failed to load font data from '../../../Engine/Content/Editor/Slate/Fonts/Roboto-Bold.ttf'
[2015.03.04-01.15.22:278][  0]LogConsoleResponse:Display: 
[2015.03.04-01.15.23:104][  0]LogCook:Display: Done creating registry. It took  0.00s.
[2015.03.04-01.15.23:357][  0]SourceControl: Info Source control is disabled
[2015.03.04-01.15.23:357][  0]Cmd: MAP LOAD FILE="../../../../../../Users/Blake/Documents/Unreal Projects/FP_Experiment3/Content/Maps/Example_Map.umap" TEMPLATE=0 SHOWPROGRESS=1 FEATURELEVEL=3
[2015.03.04-01.15.23:358][  0]LightingResults: New page: Lighting Build
[2015.03.04-01.15.23:372][  0]MapCheck: New page: Map Check
[2015.03.04-01.15.23:372][  0]LightingResults: New page: Lighting Build
[2015.03.04-01.15.23:389][  0]LogParticles: Destroying 0 GPU particle simulations for FXSystem 0x000000983DC2A980
[2015.03.04-01.15.31:218][  0]BlueprintLog:Warning: Warning Blueprint MyHUD has been migrated and requires re-saving to avoid import errors
[2015.03.04-01.15.33:154][  0]LogTexture:Display: Building textures: Texture2D_3 (BGRA8)
[2015.03.04-01.15.33:241][  0]LogTexture:Display: Building textures: Texture2D_4 (BGRA8)
[2015.03.04-01.15.33:295][  0]LogTexture:Display: Building textures: Texture2D_5 (BGRA8)
[2015.03.04-01.15.33:376][  0]LogTexture:Display: Building textures: Texture2D_6 (BGRA8)
[2015.03.04-01.15.33:512][  0]LogTexture:Display: Building textures: Texture2D_7 (BGRA8)
[2015.03.04-01.15.33:603][  0]LogTexture:Display: Building textures: Texture2D_8 (BGRA8)
[2015.03.04-01.15.33:690][  0]LogTexture:Display: Building textures: Texture2D_9 (BGRA8)
[2015.03.04-01.15.33:862][  0]LogTexture:Display: Building textures: Texture2D_10 (BGRA8)
[2015.03.04-01.15.34:003][  0]LogTexture:Display: Building textures: Texture2D_11 (BGRA8)
[2015.03.04-01.15.34:070][  0]LogTexture:Display: Building textures: Texture2D_12 (BGRA8)
[2015.03.04-01.15.34:191][  0]LogTexture:Display: Building textures: Texture2D_13 (BGRA8)
[2015.03.04-01.15.34:302][  0]LogTexture:Display: Building textures: Texture2D_14 (BGRA8)
[2015.03.04-01.15.34:317][  0]LogTexture:Display: Building textures: Texture2D_15 (BGRA8)
[2015.03.04-01.15.34:395][  0]LogTexture:Display: Building textures: Texture2D_16 (BGRA8)
[2015.03.04-01.15.34:441][  0]LogTexture:Display: Building textures: Texture2D_17 (BGRA8)
[2015.03.04-01.15.34:493][  0]LogTexture:Display: Building textures: Texture2D_18 (BGRA8)
[2015.03.04-01.15.34:669][  0]LogTexture:Display: Building textures: HQ_Lightmap0_1 (AutoDXT)
[2015.03.04-01.15.34:995][  0]LogTexture:Display: Building textures: HQ_Lightmap0_10 (AutoDXT)
[2015.03.04-01.15.35:333][  0]LogTexture:Display: Building textures: HQ_Lightmap0_11 (AutoDXT)
[2015.03.04-01.15.35:657][  0]LogTexture:Display: Building textures: HQ_Lightmap0_12 (AutoDXT)
[2015.03.04-01.15.35:959][  0]LogTexture:Display: Building textures: HQ_Lightmap0_13 (AutoDXT)
[2015.03.04-01.15.36:240][  0]LogTexture:Display: Building textures: HQ_Lightmap0_14 (AutoDXT)
[2015.03.04-01.15.36:545][  0]LogTexture:Display: Building textures: HQ_Lightmap0_15 (AutoDXT)
[2015.03.04-01.15.36:837][  0]LogTexture:Display: Building textures: HQ_Lightmap0_16 (AutoDXT)
[2015.03.04-01.15.37:194][  0]LogTexture:Display: Building textures: HQ_Lightmap0_17 (AutoDXT)
[2015.03.04-01.15.37:519][  0]LogTexture:Display: Building textures: HQ_Lightmap0_18 (AutoDXT)
[2015.03.04-01.15.37:834][  0]LogTexture:Display: Building textures: HQ_Lightmap0_19 (AutoDXT)
[2015.03.04-01.15.38:149][  0]LogTexture:Display: Building textures: HQ_Lightmap0_2 (AutoDXT)
[2015.03.04-01.15.38:425][  0]LogTexture:Display: Building textures: HQ_Lightmap0_20 (AutoDXT)
[2015.03.04-01.15.38:699][  0]LogTexture:Display: Building textures: HQ_Lightmap0_21 (AutoDXT)
[2015.03.04-01.15.39:013][  0]LogTexture:Display: Building textures: HQ_Lightmap0_22 (AutoDXT)
[2015.03.04-01.15.39:294][  0]LogTexture:Display: Building textures: HQ_Lightmap0_23 (AutoDXT)
[2015.03.04-01.15.39:586][  0]LogTexture:Display: Building textures: HQ_Lightmap0_24 (AutoDXT)
[2015.03.04-01.15.39:889][  0]LogTexture:Display: Building textures: HQ_Lightmap0_25 (AutoDXT)
[2015.03.04-01.15.40:193][  0]LogTexture:Display: Building textures: HQ_Lightmap0_26 (AutoDXT)
[2015.03.04-01.15.40:495][  0]LogTexture:Display: Building textures: HQ_Lightmap0_27 (AutoDXT)
[2015.03.04-01.15.40:797][  0]LogTexture:Display: Building textures: HQ_Lightmap0_28 (AutoDXT)
[2015.03.04-01.15.41:146][  0]LogTexture:Display: Building textures: HQ_Lightmap0_29 (AutoDXT)
[2015.03.04-01.15.41:694][  0]LogTexture:Display: Building textures: HQ_Lightmap0_3 (AutoDXT)
[2015.03.04-01.15.42:008][  0]LogTexture:Display: Building textures: HQ_Lightmap0_30 (AutoDXT)
[2015.03.04-01.15.42:299][  0]LogTexture:Display: Building textures: HQ_Lightmap0_31 (AutoDXT)
[2015.03.04-01.15.42:591][  0]LogTexture:Display: Building textures: HQ_Lightmap0_32 (AutoDXT)
[2015.03.04-01.15.42:927][  0]LogTexture:Display: Building textures: HQ_Lightmap0_33 (AutoDXT)
[2015.03.04-01.15.43:231][  0]LogTexture:Display: Building textures: HQ_Lightmap0_34 (AutoDXT)
[2015.03.04-01.15.43:534][  0]LogTexture:Display: Building textures: HQ_Lightmap0_35 (AutoDXT)
[2015.03.04-01.15.43:813][  0]LogTexture:Display: Building textures: HQ_Lightmap0_36 (AutoDXT)
[2015.03.04-01.15.44:196][  0]LogTexture:Display: Building textures: HQ_Lightmap0_37 (AutoDXT)
[2015.03.04-01.15.44:499][  0]LogTexture:Display: Building textures: HQ_Lightmap0_38 (AutoDXT)
[2015.03.04-01.15.44:813][  0]LogTexture:Display: Building textures: HQ_Lightmap0_39 (AutoDXT)
[2015.03.04-01.15.45:105][  0]LogTexture:Display: Building textures: HQ_Lightmap0_4 (AutoDXT)
[2015.03.04-01.15.45:486][  0]LogTexture:Display: Building textures: HQ_Lightmap0_40 (AutoDXT)
[2015.03.04-01.15.45:790][  0]LogTexture:Display: Building textures: HQ_Lightmap0_41 (AutoDXT)
[2015.03.04-01.15.46:059][  0]LogTexture:Display: Building textures: HQ_Lightmap0_42 (AutoDXT)
[2015.03.04-01.15.46:306][  0]LogTexture:Display: Building textures: HQ_Lightmap0_43 (AutoDXT)
[2015.03.04-01.15.46:564][  0]LogTexture:Display: Building textures: HQ_Lightmap0_44 (AutoDXT)
[2015.03.04-01.15.46:840][  0]LogTexture:Display: Building textures: HQ_Lightmap0_45 (AutoDXT)
[2015.03.04-01.15.47:138][  0]LogTexture:Display: Building textures: HQ_Lightmap0_46 (AutoDXT)
[2015.03.04-01.15.47:396][  0]LogTexture:Display: Building textures: HQ_Lightmap0_47 (AutoDXT)
[2015.03.04-01.15.48:032][  0]LogTexture:Display: Building textures: HQ_Lightmap0_48 (AutoDXT)
[2015.03.04-01.15.48:301][  0]LogTexture:Display: Building textures: HQ_Lightmap0_49 (AutoDXT)
[2015.03.04-01.15.48:606][  0]LogTexture:Display: Building textures: HQ_Lightmap0_5 (AutoDXT)
[2015.03.04-01.15.48:886][  0]LogTexture:Display: Building textures: HQ_Lightmap0_50 (AutoDXT)
[2015.03.04-01.15.49:144][  0]LogTexture:Display: Building textures: HQ_Lightmap0_51 (AutoDXT)
[2015.03.04-01.15.49:415][  0]LogTexture:Display: Building textures: HQ_Lightmap0_52 (AutoDXT)
[2015.03.04-01.15.49:685][  0]LogTexture:Display: Building textures: HQ_Lightmap0_53 (AutoDXT)
[2015.03.04-01.15.49:957][  0]LogTexture:Display: Building textures: HQ_Lightmap0_54 (AutoDXT)
[2015.03.04-01.15.50:223][  0]LogTexture:Display: Building textures: HQ_Lightmap0_55 (AutoDXT)
[2015.03.04-01.15.50:439][  0]LogTexture:Display: Building textures: HQ_Lightmap0_56 (AutoDXT)
[2015.03.04-01.15.50:669][  0]LogTexture:Display: Building textures: HQ_Lightmap0_57 (AutoDXT)
[2015.03.04-01.15.50:933][  0]LogTexture:Display: Building textures: HQ_Lightmap0_58 (AutoDXT)
[2015.03.04-01.15.51:167][  0]LogTexture:Display: Building textures: HQ_Lightmap0_59 (AutoDXT)
[2015.03.04-01.15.51:399][  0]LogTexture:Display: Building textures: HQ_Lightmap0_6 (AutoDXT)
[2015.03.04-01.15.51:633][  0]LogTexture:Display: Building textures: HQ_Lightmap0_60 (AutoDXT)
[2015.03.04-01.15.51:870][  0]LogTexture:Display: Building textures: HQ_Lightmap0_61 (AutoDXT)
[2015.03.04-01.15.52:113][  0]LogTexture:Display: Building textures: HQ_Lightmap0_62 (AutoDXT)
[2015.03.04-01.15.52:336][  0]LogTexture:Display: Building textures: HQ_Lightmap0_63 (AutoDXT)
[2015.03.04-01.15.52:606][  0]LogTexture:Display: Building textures: HQ_Lightmap0_64 (AutoDXT)
[2015.03.04-01.15.52:851][  0]LogTexture:Display: Building textures: HQ_Lightmap0_65 (AutoDXT)
[2015.03.04-01.15.52:860][  0]LogTexture:Display: Building textures: HQ_Lightmap0_7 (AutoDXT)
[2015.03.04-01.15.53:128][  0]LogTexture:Display: Building textures: HQ_Lightmap0_8 (AutoDXT)
[2015.03.04-01.15.53:377][  0]LogTexture:Display: Building textures: HQ_Lightmap0_9 (AutoDXT)
[2015.03.04-01.15.53:643][  0]LogTexture:Display: Building textures: LQ_Lightmap_0_1 (DXT1)
[2015.03.04-01.15.53:759][  0]LogTexture:Display: Building textures: LQ_Lightmap_0_10 (DXT1)
[2015.03.04-01.15.53:890][  0]LogTexture:Display: Building textures: LQ_Lightmap_0_11 (DXT1)
[2015.03.04-01.15.54:007][  0]LogTexture:Display: Building textures: LQ_Lightmap_0_12 (DXT1)
[2015.03.04-01.15.54:129][  0]LogTexture:Display: Building textures: LQ_Lightmap_0_13 (DXT1)
[2015.03.04-01.15.54:241][  0]LogTexture:Display: Building textures: LQ_Lightmap_0_14 (DXT1)
[2015.03.04-01.15.54:384][  0]LogTexture:Display: Building textures: LQ_Lightmap_0_15 (DXT1)
[2015.03.04-01.15.54:521][  0]LogTexture:Display: Building textures: LQ_Lightmap_0_16 (DXT1)
[2015.03.04-01.15.54:635][  0]LogTexture:Display: Building textures: LQ_Lightmap_0_17 (DXT1)
[2015.03.04-01.15.54:756][  0]LogTexture:Display: Building textures: LQ_Lightmap_0_18 (DXT1)
[2015.03.04-01.15.54:876][  0]LogTexture:Display: Building textures: LQ_Lightmap_0_19 (DXT1)
[2015.03.04-01.15.54:997][  0]LogTexture:Display: Building textures: LQ_Lightmap_0_2 (DXT1)
[2015.03.04-01.15.55:118][  0]LogTexture:Display: Building textures: LQ_Lightmap_0_20 (DXT1)
[2015.03.04-01.15.55:425][  0]LogTexture:Display: Building textures: LQ_Lightmap_0_21 (DXT1)
[2015.03.04-01.15.55:551][  0]LogTexture:Display: Building textures: LQ_Lightmap_0_22 (DXT1)
[2015.03.04-01.15.55:665][  0]LogTexture:Display: Building textures: LQ_Lightmap_0_23 (DXT1)
[2015.03.04-01.15.55:788][  0]LogTexture:Display: Building textures: LQ_Lightmap_0_24 (DXT1)
[2015.03.04-01.15.55:921][  0]LogTexture:Display: Building textures: LQ_Lightmap_0_25 (DXT1)
[2015.03.04-01.15.56:039][  0]LogTexture:Display: Building textures: LQ_Lightmap_0_26 (DXT1)
[2015.03.04-01.15.56:180][  0]LogTexture:Display: Building textures: LQ_Lightmap_0_27 (DXT1)
[2015.03.04-01.15.56:305][  0]LogTexture:Display: Building textures: LQ_Lightmap_0_28 (DXT1)
[2015.03.04-01.15.56:437][  0]LogTexture:Display: Building textures: LQ_Lightmap_0_29 (DXT1)
[2015.03.04-01.15.56:632][  0]LogTexture:Display: Building textures: LQ_Lightmap_0_3 (DXT1)
[2015.03.04-01.15.56:789][  0]LogTexture:Display: Building textures: LQ_Lightmap_0_30 (DXT1)
[2015.03.04-01.15.56:915][  0]LogTexture:Display: Building textures: LQ_Lightmap_0_31 (DXT1)
[2015.03.04-01.15.57:058][  0]LogTexture:Display: Building textures: LQ_Lightmap_0_32 (DXT1)
[2015.03.04-01.15.57:188][  0]LogTexture:Display: Building textures: LQ_Lightmap_0_33 (DXT1)
[2015.03.04-01.15.57:329][  0]LogTexture:Display: Building textures: LQ_Lightmap_0_34 (DXT1)
[2015.03.04-01.15.57:446][  0]LogTexture:Display: Building textures: LQ_Lightmap_0_35 (DXT1)
[2015.03.04-01.15.57:691][  0]LogTexture:Display: Building textures: LQ_Lightmap_0_36 (DXT1)
[2015.03.04-01.15.57:820][  0]LogTexture:Display: Building textures: LQ_Lightmap_0_37 (DXT1)
[2015.03.04-01.15.57:945][  0]LogTexture:Display: Building textures: LQ_Lightmap_0_38 (DXT1)
[2015.03.04-01.15.58:330][  0]LogTexture:Display: Building textures: LQ_Lightmap_0_39 (DXT1)
[2015.03.04-01.15.58:632][  0]LogTexture:Display: Building textures: LQ_Lightmap_0_4 (DXT1)
[2015.03.04-01.15.58:770][  0]LogTexture:Display: Building textures: LQ_Lightmap_0_40 (DXT1)
[2015.03.04-01.15.59:780][  0]LogTexture:Display: Building textures: LQ_Lightmap_0_41 (DXT1)
[2015.03.04-01.15.59:924][  0]LogTexture:Display: Building textures: LQ_Lightmap_0_42 (DXT1)
[2015.03.04-01.16.00:251][  0]LogTexture:Display: Building textures: LQ_Lightmap_0_43 (DXT1)
[2015.03.04-01.16.00:463][  0]LogTexture:Display: Building textures: LQ_Lightmap_0_44 (DXT1)
[2015.03.04-01.16.00:605][  0]LogTexture:Display: Building textures: LQ_Lightmap_0_45 (DXT1)
[2015.03.04-01.16.00:801][  0]LogTexture:Display: Building textures: LQ_Lightmap_0_46 (DXT1)
[2015.03.04-01.16.00:969][  0]LogTexture:Display: Building textures: LQ_Lightmap_0_47 (DXT1)
[2015.03.04-01.16.01:092][  0]LogTexture:Display: Building textures: LQ_Lightmap_0_48 (DXT1)
[2015.03.04-01.16.01:212][  0]LogTexture:Display: Building textures: LQ_Lightmap_0_49 (DXT1)
[2015.03.04-01.16.01:357][  0]LogTexture:Display: Building textures: LQ_Lightmap_0_5 (DXT1)
[2015.03.04-01.16.01:482][  0]LogTexture:Display: Building textures: LQ_Lightmap_0_50 (DXT1)
[2015.03.04-01.16.01:612][  0]LogTexture:Display: Building textures: LQ_Lightmap_0_51 (DXT1)
[2015.03.04-01.16.01:741][  0]LogTexture:Display: Building textures: LQ_Lightmap_0_52 (DXT1)
[2015.03.04-01.16.01:852][  0]LogTexture:Display: Building textures: LQ_Lightmap_0_53 (DXT1)
[2015.03.04-01.16.01:974][  0]LogTexture:Display: Building textures: LQ_Lightmap_0_54 (DXT1)
[2015.03.04-01.16.02:143][  0]LogTexture:Display: Building textures: LQ_Lightmap_0_55 (DXT1)
[2015.03.04-01.16.02:279][  0]LogTexture:Display: Building textures: LQ_Lightmap_0_56 (DXT1)
[2015.03.04-01.16.02:391][  0]LogTexture:Display: Building textures: LQ_Lightmap_0_57 (DXT1)
[2015.03.04-01.16.02:523][  0]LogTexture:Display: Building textures: LQ_Lightmap_0_58 (DXT1)
[2015.03.04-01.16.02:648][  0]LogTexture:Display: Building textures: LQ_Lightmap_0_59 (DXT1)
[2015.03.04-01.16.02:761][  0]LogTexture:Display: Building textures: LQ_Lightmap_0_6 (DXT1)
[2015.03.04-01.16.02:875][  0]LogTexture:Display: Building textures: LQ_Lightmap_0_60 (DXT1)
[2015.03.04-01.16.02:990][  0]LogTexture:Display: Building textures: LQ_Lightmap_0_61 (DXT1)
[2015.03.04-01.16.03:209][  0]LogTexture:Display: Building textures: LQ_Lightmap_0_62 (DXT1)
[2015.03.04-01.16.03:323][  0]LogTexture:Display: Building textures: LQ_Lightmap_0_63 (DXT1)
[2015.03.04-01.16.03:434][  0]LogTexture:Display: Building textures: LQ_Lightmap_0_64 (DXT1)
[2015.03.04-01.16.03:545][  0]LogTexture:Display: Building textures: LQ_Lightmap_0_65 (DXT1)
[2015.03.04-01.16.03:552][  0]LogTexture:Display: Building textures: LQ_Lightmap_0_7 (DXT1)
[2015.03.04-01.16.03:679][  0]LogTexture:Display: Building textures: LQ_Lightmap_0_8 (DXT1)
[2015.03.04-01.16.03:798][  0]LogTexture:Display: Building textures: LQ_Lightmap_0_9 (DXT1)
[2015.03.04-01.16.03:914][  0]LogTexture:Display: Building textures: ShadowMapTexture2D_0 (BGRA8)
[2015.03.04-01.16.03:923][  0]LogTexture:Display: Building textures: ShadowMapTexture2D_1 (BGRA8)
[2015.03.04-01.16.03:932][  0]LogTexture:Display: Building textures: ShadowMapTexture2D_10 (BGRA8)
[2015.03.04-01.16.03:939][  0]LogTexture:Display: Building textures: ShadowMapTexture2D_11 (BGRA8)
[2015.03.04-01.16.03:946][  0]LogTexture:Display: Building textures: ShadowMapTexture2D_12 (BGRA8)
[2015.03.04-01.16.03:954][  0]LogTexture:Display: Building textures: ShadowMapTexture2D_13 (BGRA8)
[2015.03.04-01.16.03:962][  0]LogTexture:Display: Building textures: ShadowMapTexture2D_14 (BGRA8)
[2015.03.04-01.16.03:969][  0]LogTexture:Display: Building textures: ShadowMapTexture2D_15 (BGRA8)
[2015.03.04-01.16.03:977][  0]LogTexture:Display: Building textures: ShadowMapTexture2D_16 (BGRA8)
[2015.03.04-01.16.03:986][  0]LogTexture:Display: Building textures: ShadowMapTexture2D_17 (BGRA8)
[2015.03.04-01.16.03:993][  0]LogTexture:Display: Building textures: ShadowMapTexture2D_18 (BGRA8)
[2015.03.04-01.16.04:001][  0]LogTexture:Display: Building textures: ShadowMapTexture2D_19 (BGRA8)
[2015.03.04-01.16.04:009][  0]LogTexture:Display: Building textures: ShadowMapTexture2D_2 (BGRA8)
[2015.03.04-01.16.04:016][  0]LogTexture:Display: Building textures: ShadowMapTexture2D_20 (BGRA8)
[2015.03.04-01.16.04:024][  0]LogTexture:Display: Building textures: ShadowMapTexture2D_21 (BGRA8)
[2015.03.04-01.16.04:032][  0]LogTexture:Display: Building textures: ShadowMapTexture2D_22 (BGRA8)
[2015.03.04-01.16.04:040][  0]LogTexture:Display: Building textures: ShadowMapTexture2D_23 (BGRA8)
[2015.03.04-01.16.04:047][  0]LogTexture:Display: Building textures: ShadowMapTexture2D_24 (BGRA8)
[2015.03.04-01.16.04:054][  0]LogTexture:Display: Building textures: ShadowMapTexture2D_25 (BGRA8)
[2015.03.04-01.16.04:063][  0]LogTexture:Display: Building textures: ShadowMapTexture2D_26 (BGRA8)
[2015.03.04-01.16.04:070][  0]LogTexture:Display: Building textures: ShadowMapTexture2D_27 (BGRA8)
[2015.03.04-01.16.04:077][  0]LogTexture:Display: Building textures: ShadowMapTexture2D_28 (BGRA8)
[2015.03.04-01.16.04:084][  0]LogTexture:Display: Building textures: ShadowMapTexture2D_29 (BGRA8)
[2015.03.04-01.16.04:092][  0]LogTexture:Display: Building textures: ShadowMapTexture2D_3 (BGRA8)
[2015.03.04-01.16.04:101][  0]LogTexture:Display: Building textures: ShadowMapTexture2D_30 (BGRA8)
[2015.03.04-01.16.04:108][  0]LogTexture:Display: Building textures: ShadowMapTexture2D_31 (BGRA8)
[2015.03.04-01.16.04:115][  0]LogTexture:Display: Building textures: ShadowMapTexture2D_32 (BGRA8)
[2015.03.04-01.16.04:122][  0]LogTexture:Display: Building textures: ShadowMapTexture2D_33 (BGRA8)
[2015.03.04-01.16.04:129][  0]LogTexture:Display: Building textures: ShadowMapTexture2D_34 (BGRA8)
[2015.03.04-01.16.04:136][  0]LogTexture:Display: Building textures: ShadowMapTexture2D_35 (BGRA8)
[2015.03.04-01.16.04:144][  0]LogTexture:Display: Building textures: ShadowMapTexture2D_36 (BGRA8)
[2015.03.04-01.16.04:154][  0]LogTexture:Display: Building textures: ShadowMapTexture2D_37 (BGRA8)
[2015.03.04-01.16.04:161][  0]LogTexture:Display: Building textures: ShadowMapTexture2D_38 (BGRA8)
[2015.03.04-01.16.04:171][  0]LogTexture:Display: Building textures: ShadowMapTexture2D_39 (BGRA8)
[2015.03.04-01.16.04:179][  0]LogTexture:Display: Building textures: ShadowMapTexture2D_4 (BGRA8)
[2015.03.04-01.16.04:188][  0]LogTexture:Display: Building textures: ShadowMapTexture2D_40 (BGRA8)
[2015.03.04-01.16.04:197][  0]LogTexture:Display: Building textures: ShadowMapTexture2D_41 (BGRA8)
[2015.03.04-01.16.04:204][  0]LogTexture:Display: Building textures: ShadowMapTexture2D_42 (BGRA8)
[2015.03.04-01.16.04:212][  0]LogTexture:Display: Building textures: ShadowMapTexture2D_43 (BGRA8)
[2015.03.04-01.16.04:220][  0]LogTexture:Display: Building textures: ShadowMapTexture2D_44 (BGRA8)
[2015.03.04-01.16.04:228][  0]LogTexture:Display: Building textures: ShadowMapTexture2D_45 (BGRA8)
[2015.03.04-01.16.04:236][  0]LogTexture:Display: Building textures: ShadowMapTexture2D_46 (BGRA8)
[2015.03.04-01.16.04:245][  0]LogTexture:Display: Building textures: ShadowMapTexture2D_47 (BGRA8)
[2015.03.04-01.16.04:253][  0]LogTexture:Display: Building textures: ShadowMapTexture2D_48 (BGRA8)
[2015.03.04-01.16.04:261][  0]LogTexture:Display: Building textures: ShadowMapTexture2D_49 (BGRA8)
[2015.03.04-01.16.04:269][  0]LogTexture:Display: Building textures: ShadowMapTexture2D_5 (BGRA8)
[2015.03.04-01.16.04:277][  0]LogTexture:Display: Building textures: ShadowMapTexture2D_50 (BGRA8)
[2015.03.04-01.16.04:285][  0]LogTexture:Display: Building textures: ShadowMapTexture2D_51 (BGRA8)
[2015.03.04-01.16.04:292][  0]LogTexture:Display: Building textures: ShadowMapTexture2D_52 (BGRA8)
[2015.03.04-01.16.04:301][  0]LogTexture:Display: Building textures: ShadowMapTexture2D_53 (BGRA8)
[2015.03.04-01.16.04:310][  0]LogTexture:Display: Building textures: ShadowMapTexture2D_54 (BGRA8)
[2015.03.04-01.16.04:317][  0]LogTexture:Display: Building textures: ShadowMapTexture2D_55 (BGRA8)
[2015.03.04-01.16.04:325][  0]LogTexture:Display: Building textures: ShadowMapTexture2D_56 (BGRA8)
[2015.03.04-01.16.04:333][  0]LogTexture:Display: Building textures: ShadowMapTexture2D_57 (BGRA8)
[2015.03.04-01.16.04:341][  0]LogTexture:Display: Building textures: ShadowMapTexture2D_58 (BGRA8)
[2015.03.04-01.16.04:348][  0]LogTexture:Display: Building textures: ShadowMapTexture2D_59 (BGRA8)
[2015.03.04-01.16.04:356][  0]LogTexture:Display: Building textures: ShadowMapTexture2D_6 (BGRA8)
[2015.03.04-01.16.04:364][  0]LogTexture:Display: Building textures: ShadowMapTexture2D_60 (BGRA8)
[2015.03.04-01.16.04:372][  0]LogTexture:Display: Building textures: ShadowMapTexture2D_61 (BGRA8)
[2015.03.04-01.16.04:381][  0]LogTexture:Display: Building textures: ShadowMapTexture2D_62 (BGRA8)
[2015.03.04-01.16.04:389][  0]LogTexture:Display: Building textures: ShadowMapTexture2D_63 (BGRA8)
[2015.03.04-01.16.04:395][  0]LogTexture:Display: Building textures: ShadowMapTexture2D_64 (BGRA8)
[2015.03.04-01.16.04:397][  0]LogTexture:Display: Building textures: ShadowMapTexture2D_7 (BGRA8)
[2015.03.04-01.16.04:405][  0]LogTexture:Display: Building textures: ShadowMapTexture2D_8 (BGRA8)
[2015.03.04-01.16.04:413][  0]LogTexture:Display: Building textures: ShadowMapTexture2D_9 (BGRA8)
[2015.03.04-01.16.14:274][  0]LogEditorServer: Finished looking for orphan Actors (0.000 secs)
[2015.03.04-01.16.14:274][  0]LogAIModule: Creating AISystem for world Example_Map
[2015.03.04-01.16.14:307][  0]Cmd: MAP CHECKDEP
[2015.03.04-01.16.14:307][  0]MapCheck: New page: Example_Map - Mar 3, 2015, 1:16:14 PM
[2015.03.04-01.16.14:391][  0]MapCheck: Info Map check complete: 0 Error(s), 0 Warning(s), took 83.933ms to complete.
[2015.03.04-01.16.14:391][  0]LogFileHelpers: Loading map 'Example_Map' took 51.033
[2015.03.04-01.16.17:137][  0]LogCollectionManager: Loaded 0 collections in 0.002018 seconds
[2015.03.04-01.16.17:278][  0]LogContentBrowser: Native class hierarchy populated in 0.1083 seconds. Added 1696 classes and 261 folders.
[2015.03.04-01.16.19:836][  0]LogContentBrowser: Native class hierarchy updated for 'SceneOutliner' in 0.0023 seconds. Added 1 classes and 2 folders.
[2015.03.04-01.16.22:113][  0]LogCrashTracker: Crashtracker disabled due to settings.
[2015.03.04-01.16.22:195][  0]LogSlate:Warning: Failed to load font data from 'Veranda'
[2015.03.04-01.16.22:740][  0]LogUObjectGlobals:Warning: Failed to find object 'Class None.'
[2015.03.04-01.16.22:784][  0]LogLoad: Full Startup: 74.15 seconds (BP compile: 1.57 seconds)
[2015.03.04-01.16.25:766][  0]LogRenderer:Warning: Reallocating scene render targets to support 928x784 (Frame:2).
[2015.03.04-01.16.26:693][  1]Cmd: UpdateLandscapeEditorData -warnings
[2015.03.04-01.16.27:362][  1]Cmd: UpdateLandscapeEditorData
[2015.03.04-01.16.27:462][  1]LogContentBrowser:Verbose: The content browser source was changed by the sources view to '/Game/Blueprints'
[2015.03.04-01.16.29:139][  7]LogAssetRegistry: Asset discovery search completed in 68.3938 seconds
[2015.03.04-01.18.03:680][649]BlueprintLog: New page: Pre-PIE auto-recompile
[2015.03.04-01.18.03:707][649]LogPlayLevel: [PIE] Compiling Example_Map before PIE...
[2015.03.04-01.18.04:190][649]LogActorComponent: UnregisterComponent: (/Engine/Transient.ProjectileMovementComponent_18) Not registered. Aborting.
[2015.03.04-01.18.04:190][649]LogActorComponent: UnregisterComponent: (/Engine/Transient.CharMoveComp) Not registered. Aborting.
[2015.03.04-01.18.04:350][649]LogPlayLevel: PIE:  Blueprint regeneration took 670 ms (1 blueprints)
[2015.03.04-01.18.04:377][649]PIE: New page: PIE session: Example_Map (Mar 3, 2015, 1:18:04 PM)
[2015.03.04-01.18.04:585][649]LogBlueprint:Warning: FMemberReference::ResolveMember (RandomCoords) bSelfContext == true, but no scope supplied!
[2015.03.04-01.18.04:585][649]LogBlueprint:Warning: FMemberReference::ResolveMember (RandomCoords) bSelfContext == true, but no scope supplied!
[2015.03.04-01.18.04:617][649]LogPlayLevel: PIE: StaticDuplicateObject took: (0.240180s)
[2015.03.04-01.18.04:619][649]LogPlayLevel: PIE: World Init took: (0.001061s)
[2015.03.04-01.18.04:633][649]LogPlayLevel: PIE: Created PIE world by copying editor world from /Game/Maps/Example_Map.Example_Map to /Game/Maps/UEDPIE_0_Example_Map.Example_Map (0.256089s)
[2015.03.04-01.18.04:832][649]LogWorld: Game class is 'MyGame_C'
[2015.03.04-01.18.05:068][649]LogAIModule: Creating AISystem for world Example_Map
[2015.03.04-01.18.05:087][649]LogWorld: Bringing World /Game/Maps/UEDPIE_0_Example_Map.Example_Map up for play (max tick rate 60) at 2015.03.03-19.18.05
[2015.03.04-01.18.05:122][649]LogWorld: Bringing up level for play took: 0.052973
[2015.03.04-01.18.05:434][649]PIE: Info Play in editor start time for /Game/Maps/UEDPIE_0_Example_Map 1.215
[2015.03.04-01.18.55:135][342]LogPackageName: SearchForPackageOnDisk took   0.155s to resolve Example_Map.umap
[2015.03.04-01.18.55:339][343]LogPackageName: SearchForPackageOnDisk took   0.155s to resolve Example_Map.umap
[2015.03.04-01.18.55:339][343]LogNet: Browse: /Game/Maps/Example_Map
[2015.03.04-01.18.55:377][343]LogLoad: LoadMap: /Game/Maps/Example_Map
[2015.03.04-01.18.55:565][343]LogParticles: Destroying 0 GPU particle simulations for FXSystem 0x000000986503D760
[2015.03.04-01.18.55:566][343]Cmd: MEM
[2015.03.04-01.18.55:657][343]LogMemory: Platform Memory Stats for Windows
[2015.03.04-01.18.55:657][343]LogMemory: Process Physical Memory: 909.88 MB used, 934.65 MB peak
[2015.03.04-01.18.55:657][343]LogMemory: Process Virtual Memory: 808.04 MB used, 835.54 MB peak
[2015.03.04-01.18.55:657][343]LogMemory: Physical Memory: 3103.45 MB used, 6029.58 MB total
[2015.03.04-01.18.55:657][343]LogMemory: Virtual Memory: 1395.03 MB used, 134217728.00 MB total
[2015.03.04-01.18.55:657][343]LogMemory: 
[2015.03.04-01.18.55:657][343]Allocator Stats for TBB: (not implemented)
[2015.03.04-01.18.55:793][343]LogBlueprint:Warning: FMemberReference::ResolveMember (RandomCoords) bSelfContext == true, but no scope supplied!
[2015.03.04-01.18.55:793][343]LogBlueprint:Warning: FMemberReference::ResolveMember (RandomCoords) bSelfContext == true, but no scope supplied!
[2015.03.04-01.18.55:821][343]LogPlayLevel: PIE: StaticDuplicateObject took: (0.138243s)
[2015.03.04-01.18.55:823][343]LogPlayLevel: PIE: World Init took: (0.001742s)
[2015.03.04-01.18.55:824][343]LogPlayLevel: PIE: Created PIE world by copying editor world from /Game/Maps/Example_Map.Example_Map to /Game/Maps/UEDPIE_0_Example_Map.Example_Map (0.140493s)
[2015.03.04-01.18.55:824][343]LogWorld: Game class is 'MyGame_C'
[2015.03.04-01.18.55:828][343]LogAIModule: Creating AISystem for world Example_Map
[2015.03.04-01.18.55:851][343]LogWorld: Bringing World /Game/Maps/UEDPIE_0_Example_Map.Example_Map up for play (max tick rate 60) at 2015.03.03-19.18.55
[2015.03.04-01.18.55:852][343]LogWorld: Bringing up level for play took: 0.022442
[2015.03.04-01.18.58:121][418]LogParticles: Destroying 0 GPU particle simulations for FXSystem 0x0000009869B1C400
[2015.03.04-01.19.17:632][253]LogRenderer:Warning: Reallocating scene render targets to support 952x784 (Frame:2368).
[2015.03.04-01.19.46:566][775]BlueprintLog: New page: Compile MyCharacter
[2015.03.04-01.19.47:267][775]BlueprintEditorCompileResults: Info [0278.61] Compile of MyCharacter successful! [in 682 ms]
[2015.03.04-01.21.13:870][189]Cmd: OBJ SAVEPACKAGE PACKAGE="/Game/Blueprints/MyCharacter" FILE="../../../../../../Users/Blake/Documents/Unreal Projects/FP_Experiment3/Content/Blueprints/MyCharacter.uasset" SILENT=true
[2015.03.04-01.21.14:531][189]LogSavePackage: Save=515.357910ms
[2015.03.04-01.21.14:531][189]LogSavePackage: Moving '../../../../../../Users/Blake/Documents/Unreal Projects/FP_Experiment3/Saved/MyCharacter2A94E7D84B1930ECFF8C2A8DA782C46D.tmp' to '../../../../../../Users/Blake/Documents/Unreal Projects/FP_Experiment3/Content/Blueprints/MyCharacter.uasset'
[2015.03.04-01.21.15:049][209]BlueprintLog: New page: Compile MyCharacter
[2015.03.04-01.21.15:213][209]LogActorComponent: UnregisterComponent: (/Engine/Transient.CharMoveComp) Not registered. Aborting.
[2015.03.04-01.21.15:268][209]BlueprintEditorCompileResults: Info [0366.63] Compile of MyCharacter successful! [in 218 ms]
[2015.03.04-01.21.16:742][248]BlueprintLog: New page: Pre-PIE auto-recompile
[2015.03.04-01.21.16:746][248]LogPlayLevel: [PIE] Compiling Example_Map before PIE...
[2015.03.04-01.21.16:860][248]LogActorComponent: UnregisterComponent: (/Engine/Transient.CharMoveComp) Not registered. Aborting.
[2015.03.04-01.21.16:940][248]LogPlayLevel: PIE:  Blueprint regeneration took 198 ms (1 blueprints)
[2015.03.04-01.21.16:940][248]PIE: New page: PIE session: Example_Map (Mar 3, 2015, 1:21:16 PM)
[2015.03.04-01.21.17:044][248]LogBlueprint:Warning: FMemberReference::ResolveMember (RandomCoords) bSelfContext == true, but no scope supplied!
[2015.03.04-01.21.17:044][248]LogBlueprint:Warning: FMemberReference::ResolveMember (RandomCoords) bSelfContext == true, but no scope supplied!
[2015.03.04-01.21.17:062][248]LogPlayLevel: PIE: StaticDuplicateObject took: (0.120989s)
[2015.03.04-01.21.17:063][248]LogPlayLevel: PIE: World Init took: (0.001238s)
[2015.03.04-01.21.17:064][248]LogPlayLevel: PIE: Created PIE world by copying editor world from /Game/Maps/Example_Map.Example_Map to /Game/Maps/UEDPIE_0_Example_Map.Example_Map (0.122612s)
[2015.03.04-01.21.17:138][248]LogWorld: Game class is 'MyGame_C'
[2015.03.04-01.21.17:141][248]LogAIModule: Creating AISystem for world Example_Map
[2015.03.04-01.21.17:180][248]LogWorld: Bringing World /Game/Maps/UEDPIE_0_Example_Map.Example_Map up for play (max tick rate 60) at 2015.03.03-19.21.17
[2015.03.04-01.21.17:181][248]LogWorld: Bringing up level for play took: 0.039088
[2015.03.04-01.21.17:187][248]PIE: Info Play in editor start time for /Game/Maps/UEDPIE_0_Example_Map 0.968
[2015.03.04-01.21.24:777][510]LogPackageName: SearchForPackageOnDisk took   0.157s to resolve Example_Map.umap
[2015.03.04-01.21.24:951][511]LogPackageName: SearchForPackageOnDisk took   0.155s to resolve Example_Map.umap
[2015.03.04-01.21.24:951][511]LogNet: Browse: /Game/Maps/Example_Map
[2015.03.04-01.21.24:951][511]LogLoad: LoadMap: /Game/Maps/Example_Map
[2015.03.04-01.21.25:052][511]LogParticles: Destroying 0 GPU particle simulations for FXSystem 0x000000983FFA76A0
[2015.03.04-01.21.25:052][511]Cmd: MEM
[2015.03.04-01.21.25:134][511]LogMemory: Platform Memory Stats for Windows
[2015.03.04-01.21.25:134][511]LogMemory: Process Physical Memory: 951.41 MB used, 983.04 MB peak
[2015.03.04-01.21.25:134][511]LogMemory: Process Virtual Memory: 847.24 MB used, 878.78 MB peak
[2015.03.04-01.21.25:134][511]LogMemory: Physical Memory: 3139.22 MB used, 6029.58 MB total
[2015.03.04-01.21.25:134][511]LogMemory: Virtual Memory: 1426.16 MB used, 134217728.00 MB total
[2015.03.04-01.21.25:134][511]LogMemory: 
[2015.03.04-01.21.25:134][511]Allocator Stats for TBB: (not implemented)
[2015.03.04-01.21.25:231][511]LogBlueprint:Warning: FMemberReference::ResolveMember (RandomCoords) bSelfContext == true, but no scope supplied!
[2015.03.04-01.21.25:231][511]LogBlueprint:Warning: FMemberReference::ResolveMember (RandomCoords) bSelfContext == true, but no scope supplied!
[2015.03.04-01.21.25:255][511]LogPlayLevel: PIE: StaticDuplicateObject took: (0.120732s)
[2015.03.04-01.21.25:256][511]LogPlayLevel: PIE: World Init took: (0.001266s)
[2015.03.04-01.21.25:257][511]LogPlayLevel: PIE: Created PIE world by copying editor world from /Game/Maps/Example_Map.Example_Map to /Game/Maps/UEDPIE_0_Example_Map.Example_Map (0.122401s)
[2015.03.04-01.21.25:257][511]LogWorld: Game class is 'MyGame_C'
[2015.03.04-01.21.25:260][511]LogAIModule: Creating AISystem for world Example_Map
[2015.03.04-01.21.25:302][511]LogWorld: Bringing World /Game/Maps/UEDPIE_0_Example_Map.Example_Map up for play (max tick rate 60) at 2015.03.03-19.21.25
[2015.03.04-01.21.25:303][511]LogWorld: Bringing up level for play took: 0.042196
[2015.03.04-01.21.26:114][536]LogParticles: Destroying 0 GPU particle simulations for FXSystem 0x0000009862A1DC60
[2015.03.04-01.22.31:977][726]Cmd: OBJ SAVEPACKAGE PACKAGE="/Game/Blueprints/MyCharacter" FILE="../../../../../../Users/Blake/Documents/Unreal Projects/FP_Experiment3/Content/Blueprints/MyCharacter.uasset" SILENT=true
[2015.03.04-01.22.32:780][726]LogSavePackage: Save=793.800293ms
[2015.03.04-01.22.32:780][726]LogSavePackage: Moving '../../../../../../Users/Blake/Documents/Unreal Projects/FP_Experiment3/Saved/MyCharacterC54E6AAE43996D81252F5DB0033229E2.tmp' to '../../../../../../Users/Blake/Documents/Unreal Projects/FP_Experiment3/Content/Blueprints/MyCharacter.uasset'
[2015.03.04-01.22.37:016][798]LogMaterial: Missing cached shader map for material M_Concrete_Tiles, compiling. 
[2015.03.04-01.22.37:918][798]LogActorComponent: UnregisterComponent: (/Engine/Transient.SkeletalMeshComponent_0) Not registered. Aborting.
[2015.03.04-01.22.38:503][798]LogActorComponent: UnregisterComponent: (/Engine/Transient.SkeletalMeshComponent_0) Not registered. Aborting.
[2015.03.04-01.22.38:543][798]LogActorComponent: RegisterComponentWithWorld: (/Engine/Transient.MaterialEditorMeshComponent_0) Already registered. Aborting.
[2015.03.04-01.22.38:544][798]LogActorComponent: UnregisterComponent: (/Engine/Transient.SkeletalMeshComponent_0) Not registered. Aborting.
[2015.03.04-01.22.38:544][798]LogActorComponent: RegisterComponentWithWorld: (/Engine/Transient.MaterialEditorMeshComponent_0) Already registered. Aborting.
[2015.03.04-01.22.38:613][798]LogMaterial: Missing cached shader map for material M_Concrete_Tiles, compiling. 
[2015.03.04-01.22.38:666][798]LogMaterial: 0.000068 seconds spent updating 1 materials, 1 interfaces, 0 instances, 0 with static permutations.
[2015.03.04-01.22.38:776][798]LogMaterial: Missing cached shader map for material FMatExpressionPreview MaterialExpressionTextureSample_31, compiling. 
[2015.03.04-01.22.38:843][798]LogMaterial: Missing cached shader map for material FMatExpressionPreview MaterialExpressionTextureSample_2, compiling. 
[2015.03.04-01.22.39:042][798]LogMaterial: Missing cached shader map for material FMatExpressionPreview MaterialExpressionTextureSample_4, compiling. 
[2015.03.04-01.22.39:044][798]LogMaterial: Missing cached shader map for material FMatExpressionPreview MaterialExpressionTextureSample_3, compiling. 
[2015.03.04-01.22.39:047][798]LogMaterial: Missing cached shader map for material FMatExpressionPreview MaterialExpressionTextureSample_29, compiling. 
[2015.03.04-01.22.39:049][798]LogMaterial: Missing cached shader map for material FMatExpressionPreview MaterialExpressionTextureSample_0, compiling. 
[2015.03.04-01.22.39:051][798]LogMaterial: Missing cached shader map for material FMatExpressionPreview MaterialExpressionVectorParameter_0, compiling. 
[2015.03.04-01.22.39:053][798]LogMaterial: Missing cached shader map for material FMatExpressionPreview MaterialExpressionTextureSample_5, compiling. 
[2015.03.04-01.22.42:307][884]MaterialEditorStats: Info Base pass shader with static lighting: 102 instructions
[2015.03.04-01.22.42:307][884]MaterialEditorStats: Info Base pass shader with only dynamic lighting: 68 instructions
[2015.03.04-01.22.42:307][884]MaterialEditorStats: Info Vertex shader: 33 instructions
[2015.03.04-01.22.42:307][884]MaterialEditorStats: Info Texture samplers: 7/16
[2015.03.04-01.22.48:023][992]BlueprintLog: New page: Compile MyCharacter
[2015.03.04-01.22.48:440][992]LogActorComponent: UnregisterComponent: (/Engine/Transient.CharMoveComp) Not registered. Aborting.
[2015.03.04-01.22.48:566][992]BlueprintEditorCompileResults: Info [0459.93] Compile of MyCharacter successful! [in 541 ms]
[2015.03.04-01.22.49:239][  1]Cmd: OBJ SAVEPACKAGE PACKAGE="/Game/Blueprints/MyCharacter" FILE="../../../../../../Users/Blake/Documents/Unreal Projects/FP_Experiment3/Content/Blueprints/MyCharacter.uasset" SILENT=true
[2015.03.04-01.22.49:426][  1]LogSavePackage: Save=182.785370ms
[2015.03.04-01.22.49:426][  1]LogSavePackage: Moving '../../../../../../Users/Blake/Documents/Unreal Projects/FP_Experiment3/Saved/MyCharacterC5A103544CA9238FBFFC84B756D76A73.tmp' to '../../../../../../Users/Blake/Documents/Unreal Projects/FP_Experiment3/Content/Blueprints/MyCharacter.uasset'
[2015.03.04-01.23.19:051][105]BlueprintLog: New page: Compile MyCharacter
[2015.03.04-01.23.19:527][105]LogParticles: Destroying 0 GPU particle simulations for FXSystem 0x000000983FEF4B80
[2015.03.04-01.23.19:559][105]BlueprintEditorCompileResults: Info [0490.92] Compile of MyCharacter successful! [in 508 ms]
[2015.03.04-01.23.21:249][142]BlueprintLog: New page: Pre-PIE auto-recompile
[2015.03.04-01.23.21:264][142]LogPlayLevel: [PIE] Compiling Example_Map before PIE...
[2015.03.04-01.23.21:579][142]LogPlayLevel: PIE:  Blueprint regeneration took 328 ms (1 blueprints)
[2015.03.04-01.23.21:579][142]PIE: New page: PIE session: Example_Map (Mar 3, 2015, 1:23:21 PM)
[2015.03.04-01.23.21:713][142]LogBlueprint:Warning: FMemberReference::ResolveMember (RandomCoords) bSelfContext == true, but no scope supplied!
[2015.03.04-01.23.21:713][142]LogBlueprint:Warning: FMemberReference::ResolveMember (RandomCoords) bSelfContext == true, but no scope supplied!
[2015.03.04-01.23.21:748][142]LogPlayLevel: PIE: StaticDuplicateObject took: (0.168102s)
[2015.03.04-01.23.21:750][142]LogPlayLevel: PIE: World Init took: (0.001748s)
[2015.03.04-01.23.21:750][142]LogPlayLevel: PIE: Created PIE world by copying editor world from /Game/Maps/Example_Map.Example_Map to /Game/Maps/UEDPIE_0_Example_Map.Example_Map (0.170349s)
[2015.03.04-01.23.21:786][142]LogWorld: Game class is 'MyGame_C'
[2015.03.04-01.23.21:790][142]LogAIModule: Creating AISystem for world Example_Map
[2015.03.04-01.23.21:839][142]LogWorld: Bringing World /Game/Maps/UEDPIE_0_Example_Map.Example_Map up for play (max tick rate 60) at 2015.03.03-19.23.21
[2015.03.04-01.23.21:841][142]LogWorld: Bringing up level for play took: 0.050093
[2015.03.04-01.23.21:849][142]PIE: Info Play in editor start time for /Game/Maps/UEDPIE_0_Example_Map -0.37
[2015.03.04-01.25.18:545][ 44]LogParticles: Destroying 0 GPU particle simulations for FXSystem 0x000000984431B7E0
[2015.03.04-01.26.09:532][358]Cmd: OBJ SAVEPACKAGE PACKAGE="/Game/Blueprints/MyCharacter" FILE="../../../../../../Users/Blake/Documents/Unreal Projects/FP_Experiment3/Content/Blueprints/MyCharacter.uasset" SILENT=true
[2015.03.04-01.26.09:829][358]LogSavePackage: Save=289.691681ms
[2015.03.04-01.26.09:829][358]LogSavePackage: Moving '../../../../../../Users/Blake/Documents/Unreal Projects/FP_Experiment3/Saved/MyCharacterA6938E9B494945D91D962084BEF9EE9E.tmp' to '../../../../../../Users/Blake/Documents/Unreal Projects/FP_Experiment3/Content/Blueprints/MyCharacter.uasset'
[2015.03.04-01.26.12:579][496]BlueprintLog: New page: Compile MyCharacter
[2015.03.04-01.26.13:019][496]BlueprintEditorCompileResults: Info [0664.38] Compile of MyCharacter successful! [in 439 ms]
[2015.03.04-01.26.14:311][528]BlueprintLog: New page: Pre-PIE auto-recompile
[2015.03.04-01.26.14:321][528]LogPlayLevel: [PIE] Compiling Example_Map before PIE...
[2015.03.04-01.26.14:540][528]LogPlayLevel: PIE:  Blueprint regeneration took 228 ms (1 blueprints)
[2015.03.04-01.26.14:540][528]PIE: New page: PIE session: Example_Map (Mar 3, 2015, 1:26:14 PM)
[2015.03.04-01.26.14:624][528]LogBlueprint:Warning: FMemberReference::ResolveMember (RandomCoords) bSelfContext == true, but no scope supplied!
[2015.03.04-01.26.14:625][528]LogBlueprint:Warning: FMemberReference::ResolveMember (RandomCoords) bSelfContext == true, but no scope supplied!
[2015.03.04-01.26.14:649][528]LogPlayLevel: PIE: StaticDuplicateObject took: (0.108618s)
[2015.03.04-01.26.14:650][528]LogPlayLevel: PIE: World Init took: (0.001331s)
[2015.03.04-01.26.14:651][528]LogPlayLevel: PIE: Created PIE world by copying editor world from /Game/Maps/Example_Map.Example_Map to /Game/Maps/UEDPIE_0_Example_Map.Example_Map (0.110323s)
[2015.03.04-01.26.14:684][528]LogWorld: Game class is 'MyGame_C'
[2015.03.04-01.26.14:687][528]LogAIModule: Creating AISystem for world Example_Map
[2015.03.04-01.26.14:719][528]LogWorld: Bringing World /Game/Maps/UEDPIE_0_Example_Map.Example_Map up for play (max tick rate 60) at 2015.03.03-19.26.14
[2015.03.04-01.26.14:720][528]LogWorld: Bringing up level for play took: 0.032903
[2015.03.04-01.26.14:725][528]PIE: Info Play in editor start time for /Game/Maps/UEDPIE_0_Example_Map 0.507
[2015.03.04-01.28.59:251][ 81]LogPackageName: SearchForPackageOnDisk took   0.146s to resolve Example_Map.umap
[2015.03.04-01.28.59:412][ 82]LogPackageName: SearchForPackageOnDisk took   0.143s to resolve Example_Map.umap
[2015.03.04-01.28.59:412][ 82]LogNet: Browse: /Game/Maps/Example_Map
[2015.03.04-01.28.59:413][ 82]LogLoad: LoadMap: /Game/Maps/Example_Map
[2015.03.04-01.28.59:527][ 82]LogParticles: Destroying 0 GPU particle simulations for FXSystem 0x0000009858094EA0
[2015.03.04-01.28.59:528][ 82]Cmd: MEM
[2015.03.04-01.28.59:604][ 82]LogMemory: Platform Memory Stats for Windows
[2015.03.04-01.28.59:604][ 82]LogMemory: Process Physical Memory: 962.06 MB used, 989.28 MB peak
[2015.03.04-01.28.59:604][ 82]LogMemory: Process Virtual Memory: 856.79 MB used, 881.88 MB peak
[2015.03.04-01.28.59:604][ 82]LogMemory: Physical Memory: 3142.61 MB used, 6029.58 MB total
[2015.03.04-01.28.59:604][ 82]LogMemory: Virtual Memory: 1430.77 MB used, 134217728.00 MB total
[2015.03.04-01.28.59:604][ 82]LogMemory: 
[2015.03.04-01.28.59:604][ 82]Allocator Stats for TBB: (not implemented)
[2015.03.04-01.28.59:695][ 82]LogBlueprint:Warning: FMemberReference::ResolveMember (RandomCoords) bSelfContext == true, but no scope supplied!
[2015.03.04-01.28.59:695][ 82]LogBlueprint:Warning: FMemberReference::ResolveMember (RandomCoords) bSelfContext == true, but no scope supplied!
[2015.03.04-01.28.59:721][ 82]LogPlayLevel: PIE: StaticDuplicateObject took: (0.117191s)
[2015.03.04-01.28.59:723][ 82]LogPlayLevel: PIE: World Init took: (0.001148s)
[2015.03.04-01.28.59:723][ 82]LogPlayLevel: PIE: Created PIE world by copying editor world from /Game/Maps/Example_Map.Example_Map to /Game/Maps/UEDPIE_0_Example_Map.Example_Map (0.118726s)
[2015.03.04-01.28.59:723][ 82]LogWorld: Game class is 'MyGame_C'
[2015.03.04-01.28.59:726][ 82]LogAIModule: Creating AISystem for world Example_Map
[2015.03.04-01.28.59:765][ 82]LogWorld: Bringing World /Game/Maps/UEDPIE_0_Example_Map.Example_Map up for play (max tick rate 60) at 2015.03.03-19.28.59
[2015.03.04-01.28.59:767][ 82]LogWorld: Bringing up level for play took: 0.039579
[2015.03.04-01.30.43:968][659]LogPackageName: SearchForPackageOnDisk took   0.147s to resolve Example_Map.umap
[2015.03.04-01.30.44:132][660]LogPackageName: SearchForPackageOnDisk took   0.144s to resolve Example_Map.umap
[2015.03.04-01.30.44:132][660]LogNet: Browse: /Game/Maps/Example_Map
[2015.03.04-01.30.44:132][660]LogLoad: LoadMap: /Game/Maps/Example_Map
[2015.03.04-01.30.44:235][660]LogParticles: Destroying 0 GPU particle simulations for FXSystem 0x0000009836BA0680
[2015.03.04-01.30.44:249][660]Cmd: MEM
[2015.03.04-01.30.44:325][660]LogMemory: Platform Memory Stats for Windows
[2015.03.04-01.30.44:325][660]LogMemory: Process Physical Memory: 962.27 MB used, 989.28 MB peak
[2015.03.04-01.30.44:325][660]LogMemory: Process Virtual Memory: 857.07 MB used, 882.34 MB peak
[2015.03.04-01.30.44:325][660]LogMemory: Physical Memory: 3164.47 MB used, 6029.58 MB total
[2015.03.04-01.30.44:325][660]LogMemory: Virtual Memory: 1416.31 MB used, 134217728.00 MB total
[2015.03.04-01.30.44:325][660]LogMemory: 
[2015.03.04-01.30.44:325][660]Allocator Stats for TBB: (not implemented)
[2015.03.04-01.30.44:417][660]LogBlueprint:Warning: FMemberReference::ResolveMember (RandomCoords) bSelfContext == true, but no scope supplied!
[2015.03.04-01.30.44:418][660]LogBlueprint:Warning: FMemberReference::ResolveMember (RandomCoords) bSelfContext == true, but no scope supplied!
[2015.03.04-01.30.44:442][660]LogPlayLevel: PIE: StaticDuplicateObject took: (0.115804s)
[2015.03.04-01.30.44:443][660]LogPlayLevel: PIE: World Init took: (0.001507s)
[2015.03.04-01.30.44:444][660]LogPlayLevel: PIE: Created PIE world by copying editor world from /Game/Maps/Example_Map.Example_Map to /Game/Maps/UEDPIE_0_Example_Map.Example_Map (0.117770s)
[2015.03.04-01.30.44:444][660]LogWorld: Game class is 'MyGame_C'
[2015.03.04-01.30.44:447][660]LogAIModule: Creating AISystem for world Example_Map
[2015.03.04-01.30.44:486][660]LogWorld: Bringing World /Game/Maps/UEDPIE_0_Example_Map.Example_Map up for play (max tick rate 60) at 2015.03.03-19.30.44
[2015.03.04-01.30.44:487][660]LogWorld: Bringing up level for play took: 0.038762
[2015.03.04-01.31.34:016][362]LogPackageName: SearchForPackageOnDisk took   0.131s to resolve Example_Map.umap
[2015.03.04-01.31.34:158][363]LogPackageName: SearchForPackageOnDisk took   0.126s to resolve Example_Map.umap
[2015.03.04-01.31.34:158][363]LogNet: Browse: /Game/Maps/Example_Map
[2015.03.04-01.31.34:158][363]LogLoad: LoadMap: /Game/Maps/Example_Map
[2015.03.04-01.31.34:245][363]LogParticles: Destroying 0 GPU particle simulations for FXSystem 0x0000009839D4C400
[2015.03.04-01.31.34:257][363]Cmd: MEM
[2015.03.04-01.31.34:327][363]LogMemory: Platform Memory Stats for Windows
[2015.03.04-01.31.34:327][363]LogMemory: Process Physical Memory: 954.39 MB used, 989.46 MB peak
[2015.03.04-01.31.34:327][363]LogMemory: Process Virtual Memory: 848.96 MB used, 882.74 MB peak
[2015.03.04-01.31.34:327][363]LogMemory: Physical Memory: 3154.80 MB used, 6029.58 MB total
[2015.03.04-01.31.34:327][363]LogMemory: Virtual Memory: 1422.71 MB used, 134217728.00 MB total
[2015.03.04-01.31.34:327][363]LogMemory: 
[2015.03.04-01.31.34:327][363]Allocator Stats for TBB: (not implemented)
[2015.03.04-01.31.34:416][363]LogBlueprint:Warning: FMemberReference::ResolveMember (RandomCoords) bSelfContext == true, but no scope supplied!
[2015.03.04-01.31.34:416][363]LogBlueprint:Warning: FMemberReference::ResolveMember (RandomCoords) bSelfContext == true, but no scope supplied!
[2015.03.04-01.31.34:440][363]LogPlayLevel: PIE: StaticDuplicateObject took: (0.112950s)
[2015.03.04-01.31.34:441][363]LogPlayLevel: PIE: World Init took: (0.001029s)
[2015.03.04-01.31.34:442][363]LogPlayLevel: PIE: Created PIE world by copying editor world from /Game/Maps/Example_Map.Example_Map to /Game/Maps/UEDPIE_0_Example_Map.Example_Map (0.114335s)
[2015.03.04-01.31.34:442][363]LogWorld: Game class is 'MyGame_C'
[2015.03.04-01.31.34:445][363]LogAIModule: Creating AISystem for world Example_Map
[2015.03.04-01.31.34:479][363]LogWorld: Bringing World /Game/Maps/UEDPIE_0_Example_Map.Example_Map up for play (max tick rate 60) at 2015.03.03-19.31.34
[2015.03.04-01.31.34:480][363]LogWorld: Bringing up level for play took: 0.034518
[2015.03.04-01.45.27:421][635]LogPackageName: SearchForPackageOnDisk took   0.147s to resolve Example_Map.umap
[2015.03.04-01.45.27:585][636]LogPackageName: SearchForPackageOnDisk took   0.144s to resolve Example_Map.umap
[2015.03.04-01.45.27:585][636]LogNet: Browse: /Game/Maps/Example_Map
[2015.03.04-01.45.27:585][636]LogLoad: LoadMap: /Game/Maps/Example_Map
[2015.03.04-01.45.27:691][636]LogParticles: Destroying 0 GPU particle simulations for FXSystem 0x0000009869B1E0C0
[2015.03.04-01.45.27:721][636]Cmd: MEM
[2015.03.04-01.45.27:798][636]LogMemory: Platform Memory Stats for Windows
[2015.03.04-01.45.27:798][636]LogMemory: Process Physical Memory: 953.59 MB used, 989.46 MB peak
[2015.03.04-01.45.27:798][636]LogMemory: Process Virtual Memory: 848.96 MB used, 882.74 MB peak
[2015.03.04-01.45.27:798][636]LogMemory: Physical Memory: 2794.46 MB used, 6029.58 MB total
[2015.03.04-01.45.27:798][636]LogMemory: Virtual Memory: 1403.43 MB used, 134217728.00 MB total
[2015.03.04-01.45.27:798][636]LogMemory: 
[2015.03.04-01.45.27:798][636]Allocator Stats for TBB: (not implemented)
[2015.03.04-01.45.27:901][636]LogBlueprint:Warning: FMemberReference::ResolveMember (RandomCoords) bSelfContext == true, but no scope supplied!
[2015.03.04-01.45.27:902][636]LogBlueprint:Warning: FMemberReference::ResolveMember (RandomCoords) bSelfContext == true, but no scope supplied!
[2015.03.04-01.45.27:931][636]LogPlayLevel: PIE: StaticDuplicateObject took: (0.131346s)
[2015.03.04-01.45.27:932][636]LogPlayLevel: PIE: World Init took: (0.001553s)
[2015.03.04-01.45.27:933][636]LogPlayLevel: PIE: Created PIE world by copying editor world from /Game/Maps/Example_Map.Example_Map to /Game/Maps/UEDPIE_0_Example_Map.Example_Map (0.133254s)
[2015.03.04-01.45.27:933][636]LogWorld: Game class is 'MyGame_C'
[2015.03.04-01.45.27:936][636]LogAIModule: Creating AISystem for world Example_Map
[2015.03.04-01.45.27:971][636]LogWorld: Bringing World /Game/Maps/UEDPIE_0_Example_Map.Example_Map up for play (max tick rate 0) at 2015.03.03-19.45.27
[2015.03.04-01.45.27:972][636]LogWorld: Bringing up level for play took: 0.035346
[2015.03.04-01.55.46:147][698]LogPackageName: SearchForPackageOnDisk took   0.161s to resolve Example_Map.umap
[2015.03.04-01.55.46:315][699]LogPackageName: SearchForPackageOnDisk took   0.146s to resolve Example_Map.umap
[2015.03.04-01.55.46:315][699]LogNet: Browse: /Game/Maps/Example_Map
[2015.03.04-01.55.46:316][699]LogLoad: LoadMap: /Game/Maps/Example_Map
[2015.03.04-01.55.46:407][699]LogParticles: Destroying 0 GPU particle simulations for FXSystem 0x0000009869B1D8A0
[2015.03.04-01.55.46:420][699]Cmd: MEM
[2015.03.04-01.55.46:496][699]LogMemory: Platform Memory Stats for Windows
[2015.03.04-01.55.46:496][699]LogMemory: Process Physical Memory: 955.37 MB used, 989.46 MB peak
[2015.03.04-01.55.46:496][699]LogMemory: Process Virtual Memory: 848.97 MB used, 882.89 MB peak
[2015.03.04-01.55.46:496][699]LogMemory: Physical Memory: 2823.54 MB used, 6029.58 MB total
[2015.03.04-01.55.46:496][699]LogMemory: Virtual Memory: 1422.71 MB used, 134217728.00 MB total
[2015.03.04-01.55.46:496][699]LogMemory: 
[2015.03.04-01.55.46:496][699]Allocator Stats for TBB: (not implemented)
[2015.03.04-01.55.46:597][699]LogBlueprint:Warning: FMemberReference::ResolveMember (RandomCoords) bSelfContext == true, but no scope supplied!
[2015.03.04-01.55.46:597][699]LogBlueprint:Warning: FMemberReference::ResolveMember (RandomCoords) bSelfContext == true, but no scope supplied!
[2015.03.04-01.55.46:625][699]LogPlayLevel: PIE: StaticDuplicateObject took: (0.128365s)
[2015.03.04-01.55.46:626][699]LogPlayLevel: PIE: World Init took: (0.001213s)
[2015.03.04-01.55.46:626][699]LogPlayLevel: PIE: Created PIE world by copying editor world from /Game/Maps/Example_Map.Example_Map to /Game/Maps/UEDPIE_0_Example_Map.Example_Map (0.129986s)
[2015.03.04-01.55.46:626][699]LogWorld: Game class is 'MyGame_C'
[2015.03.04-01.55.46:630][699]LogAIModule: Creating AISystem for world Example_Map
[2015.03.04-01.55.46:669][699]LogWorld: Bringing World /Game/Maps/UEDPIE_0_Example_Map.Example_Map up for play (max tick rate 0) at 2015.03.03-19.55.46
[2015.03.04-01.55.46:671][699]LogWorld: Bringing up level for play took: 0.039579
[2015.03.04-01.57.28:871][135]LogParticles: Destroying 0 GPU particle simulations for FXSystem 0x00000098644FC180
[2015.03.04-02.00.39:037][911]LogActorComponent: UnregisterComponent: (/Engine/Transient.ProjectileMovementComponent_18) Not registered. Aborting.
[2015.03.04-02.00.39:142][911]LogFileHelpers: Editor autosave (incl. sublevels) for '/Game/Maps/Example_Map' took 0.105
[2015.03.04-02.00.39:222][911]OBJ SavePackage: Generating thumbnails for [0] asset(s) in package [/Game/Blueprints/MyCharacter] ([1] browsable assets)...
[2015.03.04-02.00.39:258][911]OBJ SavePackage: Finished generating thumbnails for package [/Game/Blueprints/MyCharacter]
[2015.03.04-02.00.39:847][911]LogSavePackage: Save=570.342224ms
[2015.03.04-02.00.39:853][911]LogSavePackage: Moving '../../../../../../Users/Blake/Documents/Unreal Projects/FP_Experiment3/Saved/MyCharacter_Auto1424447214AD0809CB28E5988FB2E2015.tmp' to '../../../../../../Users/Blake/Documents/Unreal Projects/FP_Experiment3/Saved/Autosaves/Game/Blueprints/MyCharacter_Auto1.uasset'
[2015.03.04-02.00.39:979][911]LogFileHelpers: Auto-saving content packages took 0.836
[2015.03.04-02.01.31:444][454]LogSourceControl: RunCommandInternalRaw: 'git version'
[2015.03.04-02.01.31:444][454]LogSourceControl: RunCommandInternalRaw: ExecProcess ReturnCode=2 OutResults=''
[2015.03.04-02.02.00:368][911]LogSourceControl: RunCommandInternalRaw: 'git version'
[2015.03.04-02.02.00:370][911]LogSourceControl: RunCommandInternalRaw: ExecProcess ReturnCode=2 OutResults=''
[2015.03.04-02.02.00:371][911]LogSourceControl: RunCommandInternalRaw: 'git version'
[2015.03.04-02.02.00:371][911]LogSourceControl: RunCommandInternalRaw: ExecProcess ReturnCode=2 OutResults=''
[2015.03.04-02.02.09:606][ 88]LogSourceControl: RunCommandInternalRaw: 'git version'
[2015.03.04-02.02.09:607][ 88]LogSourceControl: RunCommandInternalRaw: ExecProcess ReturnCode=2 OutResults=''
[2015.03.04-02.02.09:607][ 88]LogSourceControl: RunCommandInternalRaw: 'git version'
[2015.03.04-02.02.09:609][ 88]LogSourceControl: RunCommandInternalRaw: ExecProcess ReturnCode=2 OutResults=''
[2015.03.04-02.02.43:070][437]LogSourceControl: RunCommandInternalRaw: 'git version'
[2015.03.04-02.02.43:071][437]LogSourceControl: RunCommandInternalRaw: ExecProcess ReturnCode=2 OutResults=''
[2015.03.04-02.02.43:072][437]LogSourceControl: RunCommandInternalRaw: 'git version'
[2015.03.04-02.02.43:073][437]LogSourceControl: RunCommandInternalRaw: ExecProcess ReturnCode=2 OutResults=''
[2015.03.04-02.02.46:100][506]LogSourceControl: RunCommandInternalRaw: 'git version'
[2015.03.04-02.02.46:101][506]LogSourceControl: RunCommandInternalRaw: ExecProcess ReturnCode=2 OutResults=''
[2015.03.04-02.02.46:101][506]LogSourceControl: RunCommandInternalRaw: 'git version'
[2015.03.04-02.02.46:101][506]LogSourceControl: RunCommandInternalRaw: ExecProcess ReturnCode=2 OutResults=''
[2015.03.04-02.03.13:378][609]LogSourceControl: RunCommandInternalRaw: 'git version'
[2015.03.04-02.03.13:379][609]LogSourceControl: RunCommandInternalRaw: ExecProcess ReturnCode=2 OutResults=''
[2015.03.04-02.03.13:379][609]LogSourceControl: RunCommandInternalRaw: 'git version'
[2015.03.04-02.03.13:379][609]LogSourceControl: RunCommandInternalRaw: ExecProcess ReturnCode=2 OutResults=''
[2015.03.04-02.03.15:325][668]SourceControl:Error: Error Failed to connect to source control. Check your settings and connection then try again.
[2015.03.04-02.03.24:539][824]LogSourceControl: RunCommandInternalRaw: 'git version'
[2015.03.04-02.03.24:539][824]LogSourceControl: RunCommandInternalRaw: ExecProcess ReturnCode=2 OutResults=''
[2015.03.04-02.03.24:688][827]LogSourceControl: RunCommandInternalRaw: 'git version'
[2015.03.04-02.03.24:689][827]LogSourceControl: RunCommandInternalRaw: ExecProcess ReturnCode=2 OutResults=''
[2015.03.04-02.03.25:194][837]LogSourceControl: RunCommandInternalRaw: 'git version'
[2015.03.04-02.03.25:195][837]LogSourceControl: RunCommandInternalRaw: ExecProcess ReturnCode=2 OutResults=''
[2015.03.04-02.03.25:406][841]LogSourceControl: RunCommandInternalRaw: 'git version'
[2015.03.04-02.03.25:407][841]LogSourceControl: RunCommandInternalRaw: ExecProcess ReturnCode=2 OutResults=''
[2015.03.04-02.03.26:157][856]LogSourceControl: RunCommandInternalRaw: 'git version'
[2015.03.04-02.03.26:158][856]LogSourceControl: RunCommandInternalRaw: ExecProcess ReturnCode=2 OutResults=''
[2015.03.04-02.03.26:158][856]LogSourceControl: RunCommandInternalRaw: 'git version'
[2015.03.04-02.03.26:159][856]LogSourceControl: RunCommandInternalRaw: ExecProcess ReturnCode=2 OutResults=''
[2015.03.04-02.03.26:159][856]LogSourceControl: RunCommandInternalRaw: 'git version'
[2015.03.04-02.03.26:159][856]LogSourceControl: RunCommandInternalRaw: ExecProcess ReturnCode=2 OutResults=''
[2015.03.04-02.05.24:881][283]LogSourceControl: RunCommandInternalRaw: 'git version'
[2015.03.04-02.05.24:882][283]LogSourceControl: RunCommandInternalRaw: ExecProcess ReturnCode=2 OutResults=''
[2015.03.04-02.05.24:882][283]LogSourceControl: RunCommandInternalRaw: 'git version'
[2015.03.04-02.05.24:882][283]LogSourceControl: RunCommandInternalRaw: ExecProcess ReturnCode=2 OutResults=''
[2015.03.04-02.05.27:550][291]SourceControl:Error: Error Failed to connect to source control. Check your settings and connection then try again.
[2015.03.04-02.05.59:767][478]SourceControl: Info Source control is disabled
[2015.03.07-02.53.41:401][  7]LogD3D11RHI: Time