Log file open, 03/10/15 19:53:08
LogInit:Display: Running engine for game: FP_Experiment
LogInit: Version: 4.7.1-2462028+++depot+UE4-Releases+4.7
LogInit: API Version: 2455222
LogInit: Compiled (64-bit): Feb 26 2015 07:49:00
LogInit: Compiled with Visual C++: 18.00.21005.01
LogInit: Build Configuration: Development
LogInit: Branch Name: ++depot+UE4-Releases+4.7
LogInit: Command line: 
LogInit: Base directory: C:/Program Files/Unreal Engine/4.7/Engine/Binaries/Win64/
LogInit: Rocket: 1
[2015.03.11-00.53.08:710][  0]LogTaskGraph: Started task graph with 3 named threads and 4 total threads.
[2015.03.11-00.53.08:766][  0]LogOnline:Warning: No default platform service specified for OnlineSubsystem
[2015.03.11-00.53.08:801][  0]LogInit: Presizing for 0 objects not considered by GC, pre-allocating 0 bytes.
[2015.03.11-00.53.08:828][  0]LogInit: Object subsystem initialized
[2015.03.11-00.53.08:832][  0]LogConsoleResponse:Warning: Skipping Unknown console variable: 'UIScaleRule = ShortestSide'
[2015.03.11-00.53.08:832][  0]LogConsoleResponse:Warning:   Found in ini file 'C:/Users/Blake/Documents/Unreal Projects/FP_Experiment3/Saved/Config/Windows/Engine.ini', in section '[/Script/Engine.RendererSettings]'
[2015.03.11-00.53.08:832][  0]LogConsoleResponse:Warning: Skipping Unknown console variable: 'UIScaleCurve = (EditorCurveData=(Keys=),ExternalCurve=None)'
[2015.03.11-00.53.08:832][  0]LogConsoleResponse:Warning:   Found in ini file 'C:/Users/Blake/Documents/Unreal Projects/FP_Experiment3/Saved/Config/Windows/Engine.ini', in section '[/Script/Engine.RendererSettings]'
[2015.03.11-00.53.08:833][  0]LogConsoleManager:Warning: Console variable 'r.MSAA.CompositingSampleCount' wasn't set (Priority ProjectSetting < Scalability)
[2015.03.11-00.53.08:834][  0]LogInit: Selected Device Profile: [Windows]
[2015.03.11-00.53.08:834][  0]LogInit: Applying CVar settings loaded from the selected device profile: [Windows]
[2015.03.11-00.53.08:881][  0]LogInit: Computer: ASUSLAPTOPBLAKE
[2015.03.11-00.53.08:881][  0]LogInit: User: Blake
[2015.03.11-00.53.08:881][  0]LogInit: CPU Page size=4096, Cores=2
[2015.03.11-00.53.08:881][  0]LogInit: High frequency timer resolution =2.533321 MHz
[2015.03.11-00.53.08:881][  0]LogMemory: Memory total: Physical=5.9GB (6GB approx) Virtual=131072.0GB
[2015.03.11-00.53.08:882][  0]LogMemory: Platform Memory Stats for Windows
[2015.03.11-00.53.08:882][  0]LogMemory: Process Physical Memory: 46.56 MB used, 46.56 MB peak
[2015.03.11-00.53.08:882][  0]LogMemory: Process Virtual Memory: 26.53 MB used, 26.54 MB peak
[2015.03.11-00.53.08:882][  0]LogMemory: Physical Memory: 3289.24 MB used, 6029.58 MB total
[2015.03.11-00.53.08:882][  0]LogMemory: Virtual Memory: 289.80 MB used, 134217728.00 MB total
[2015.03.11-00.53.08:954][  0]LogD3D11RHI: Found D3D11 adapter 0: NVIDIA GeForce 610M         (Feature Level 11_0)
[2015.03.11-00.53.08:954][  0]LogD3D11RHI: Adapter has 971MB of dedicated video memory, 0MB of dedicated system memory, and 3014MB of shared system memory, 1 output[s]
[2015.03.11-00.53.08:988][  0]LogD3D11RHI: Found D3D11 adapter 1: NVIDIA GeForce 610M         (Feature Level 11_0)
[2015.03.11-00.53.08:988][  0]LogD3D11RHI: Adapter has 971MB of dedicated video memory, 0MB of dedicated system memory, and 3014MB of shared system memory, 0 output[s]
[2015.03.11-00.53.08:991][  0]LogD3D11RHI: Found D3D11 adapter 2: Microsoft Basic Render Driver (Feature Level 11_0)
[2015.03.11-00.53.08:991][  0]LogD3D11RHI: Adapter has 971MB of dedicated video memory, 0MB of dedicated system memory, and 3014MB of shared system memory, 0 output[s]
[2015.03.11-00.53.08:991][  0]LogD3D11RHI: Chosen D3D11 Adapter Id = 0
[2015.03.11-00.53.09:004][  0]LogRHI: Texture pool is 680 MB (70% of 971 MB)
[2015.03.11-00.53.09:025][  0]LogD3D11RHI: Async texture creation enabled
[2015.03.11-00.53.09:264][  0]LogTextLocalizationManager: The requested culture ('en_US') has no localization data; parent culture's ('en') localization data will be used.
[2015.03.11-00.53.09:646][  0]LogContentStreaming: Texture pool size is 0.000000MB
[2015.03.11-00.53.15:977][  0]LogTargetPlatformManager:Display: Building Assets For Windows
[2015.03.11-00.53.17:626][  0]LogTargetPlatformManager:Display: Building Assets For Windows
[2015.03.11-00.53.17:802][  0]LogDerivedDataCache:Display: Max Cache Size: 512 MB
[2015.03.11-00.53.17:880][  0]LogDerivedDataCache: Loaded boot cache 0.08s 39MB C:/Users/Blake/AppData/Local/UnrealEngine/4.7/DerivedDataCache/Boot.ddc.
[2015.03.11-00.53.17:880][  0]LogDerivedDataCache:Display: Loaded Boot cache: C:/Users/Blake/AppData/Local/UnrealEngine/4.7/DerivedDataCache/Boot.ddc
[2015.03.11-00.53.17:881][  0]LogDerivedDataCache: FDerivedDataBackendGraph:  Pak pak cache file ../../../../../../Users/Blake/Documents/Unreal Projects/FP_Experiment3/DerivedDataCache/DDC.ddp not found, will not use a pak cache.
[2015.03.11-00.53.17:881][  0]LogDerivedDataCache: Unable to find inner node Pak for hierarchical cache Hierarchy.
[2015.03.11-00.53.18:159][  0]LogDerivedDataCache:Display: Pak cache opened for reading ../../../Engine/DerivedDataCache/Compressed.ddp.
[2015.03.11-00.53.18:172][  0]LogDerivedDataCache: Using Local data cache path C:/Users/Blake/AppData/Local/UnrealEngine/Common/DerivedDataCache: Writable
[2015.03.11-00.53.18:836][  0]LogMeshUtilities: No automatic mesh reduction module available
[2015.03.11-00.53.18:836][  0]LogMeshUtilities: No automatic mesh merging module available
[2015.03.11-00.53.19:997][  0]LogInit: WinSock: version 1.1 (2.2), MaxSocks=32767, MaxUdp=65467
[2015.03.11-00.53.20:253][  0]LogSlate:Warning: Failed to load font data from '../../../Engine/Content/Slate/Fonts/Roboto-Italic.ttf'
[2015.03.11-00.53.22:264][  0]UdpMessaging: Initializing bridge on interface 0.0.0.0:0 to multicast group 230.0.0.1:6666.
[2015.03.11-00.53.22:836][  0]SourceControl: Info Source control is disabled
[2015.03.11-00.53.22:836][  0]SourceControl: Info Source control is disabled
[2015.03.11-00.53.22:836][  0]SourceControl: Info Source control is disabled
[2015.03.11-00.53.22:861][  0]SourceControl: Info Source control is disabled
[2015.03.11-00.53.23:363][  0]LogObj: 24231 objects as part of root set at end of initial load.
[2015.03.11-00.53.23:363][  0]LogUObjectAllocator: 5136440 out of 0 bytes used by permanent object pool.
[2015.03.11-00.53.23:592][  0]LogEngine: Initializing Engine...
[2015.03.11-00.53.28:620][  0]OCULUS: 
[2015.03.11-00.53.28:620][  0]OCULUS: 
[2015.03.11-00.53.29:023][  0]LogInit: XAudio2 using 'Speakers (VIA High Definition Audio)' : 2 channels at 48 kHz using 32 bits per sample (channel mask 0x3)
[2015.03.11-00.53.29:073][  0]LogInit: FAudioDevice initialized.
[2015.03.11-00.53.29:176][  0]LogAIModule: Creating AISystem for world NewWorld
[2015.03.11-00.53.29:217][  0]LogDerivedDataCache: Saved boot cache 0.04s 39MB C:/Users/Blake/AppData/Local/UnrealEngine/4.7/DerivedDataCache/Boot.ddc.
[2015.03.11-00.53.29:223][  0]LogInit: Texture streaming: Enabled
[2015.03.11-00.53.29:481][  0]LogAnalytics: Creating configured Analytics provider AnalyticsET
[2015.03.11-00.53.29:481][  0]LogAnalytics: ET APIKey = Rocket.Release. APIServer = http://et2.epicgames.com/ET2/. AppVersion = 4.7.1-2462028+++depot+UE4-Releases+4.7
[2015.03.11-00.53.29:481][  0]LogAnalytics: ET APIKey = Rocket.Release. DataRouterUploadURL = https://datarouter-public-service-gamedev.ol.epicgames.net/datarouter/api/v1/public/data. AppVersion = 4.7.1-2462028+++depot+UE4-Releases+4.7
[2015.03.11-00.53.29:482][  0]LogAnalytics: SetUserId 57cd5459499b77e78647aaa0102ac1d4|d9c4cfea13de44a3a8e3f0988f4319c9|f46ea8ad-ab5b-452b-856b-838d753487a9
[2015.03.11-00.53.29:482][  0]LogAnalytics: AnalyticsET::StartSession [Rocket.Release]
[2015.03.11-00.53.29:539][  0]LogInit: Transaction tracking system initialized
[2015.03.11-00.53.30:062][  0]BlueprintLog: New page: Editor Load
[2015.03.11-00.53.30:138][  0]LogAssetRegistry: FAssetRegistry took 0.0108 seconds to start up
[2015.03.11-00.53.30:139][  0]LogDirectoryWatcher:Warning: Failed to begin reading directory changes for ../../../Engine/Plugins/Experimental/CharacterAI/Content/. Error: 0
[2015.03.11-00.53.31:868][  0]LogTargetPlatformManager:Display: Building Assets For Windows
[2015.03.11-00.53.33:068][  0]LogTargetPlatformManager:Display: Building Assets For Windows
[2015.03.11-00.53.33:763][  0]LogSlate:Warning: Failed to load font data from '../../../Engine/Content/Editor/Slate/Fonts/Roboto-Regular.ttf'
[2015.03.11-00.53.33:764][  0]LogSlate:Warning: Failed to load font data from '../../../Engine/Content/Editor/Slate/Fonts/Roboto-Bold.ttf'
[2015.03.11-00.53.33:776][  0]LogConsoleResponse:Display: 
[2015.03.11-00.53.34:300][  0]LogCook:Display: Done creating registry. It took  0.00s.
[2015.03.11-00.53.34:704][  0]SourceControl: Info Source control is disabled
[2015.03.11-00.53.34:704][  0]Cmd: MAP LOAD FILE="../../../../../../Users/Blake/Documents/Unreal Projects/FP_Experiment3/Content/Maps/Example_Map.umap" TEMPLATE=0 SHOWPROGRESS=1 FEATURELEVEL=3
[2015.03.11-00.53.34:720][  0]LightingResults: New page: Lighting Build
[2015.03.11-00.53.34:754][  0]MapCheck: New page: Map Check
[2015.03.11-00.53.34:754][  0]LightingResults: New page: Lighting Build
[2015.03.11-00.53.34:792][  0]LogParticles: Destroying 0 GPU particle simulations for FXSystem 0x0000004E430FE520
[2015.03.11-00.53.41:188][  0]BlueprintLog:Warning: Warning Blueprint MyHUD has been migrated and requires re-saving to avoid import errors
[2015.03.11-00.54.02:995][  0]LogEditorServer: Finished looking for orphan Actors (0.000 secs)
[2015.03.11-00.54.02:995][  0]LogAIModule: Creating AISystem for world Example_Map
[2015.03.11-00.54.03:020][  0]Cmd: MAP CHECKDEP
[2015.03.11-00.54.03:020][  0]MapCheck: New page: Example_Map - Mar 10, 2015, 2:54:03 PM
[2015.03.11-00.54.03:291][  0]MapCheck: Info Map check complete: 0 Error(s), 0 Warning(s), took 271.225ms to complete.
[2015.03.11-00.54.03:292][  0]LogFileHelpers: Loading map 'Example_Map' took 28.588
[2015.03.11-00.54.04:927][  0]LogCollectionManager: Loaded 0 collections in 0.008135 seconds
[2015.03.11-00.54.04:994][  0]LogContentBrowser: Native class hierarchy populated in 0.0482 seconds. Added 1696 classes and 261 folders.
[2015.03.11-00.54.05:726][  0]LogContentBrowser: Native class hierarchy updated for 'SceneOutliner' in 0.0060 seconds. Added 1 classes and 2 folders.
[2015.03.11-00.54.06:408][  0]LogCrashTracker: Crashtracker disabled due to settings.
[2015.03.11-00.54.06:458][  0]LogSlate:Warning: Failed to load font data from 'Veranda'
[2015.03.11-00.54.06:513][  0]LogUObjectGlobals:Warning: Failed to find object 'Class None.'
[2015.03.11-00.54.06:579][  0]LogLoad: Full Startup: 61.39 seconds (BP compile: 1.47 seconds)
[2015.03.11-00.54.07:085][  0]LogContentBrowser:Verbose: The content browser source was changed by the sources view to '/Game/Blueprints'
[2015.03.11-00.54.07:758][  0]LogRenderer:Warning: Reallocating scene render targets to support 32x32 (Frame:2).
[2015.03.11-00.54.08:236][  0]LogRenderer:Warning: Reallocating scene render targets to support 928x784 (Frame:3).
[2015.03.11-00.54.08:468][  1]Cmd: UpdateLandscapeEditorData -warnings
[2015.03.11-00.54.08:736][  1]Cmd: UpdateLandscapeEditorData
[2015.03.11-00.54.12:423][ 12]LogAssetRegistry: Asset discovery search completed in 42.2956 seconds
[2015.03.11-00.54.36:366][226]LogSourceControl: RunCommandInternalRaw: 'git version'
[2015.03.11-00.54.36:367][226]LogSourceControl: RunCommandInternalRaw: ExecProcess ReturnCode=2 OutResults=''
[2015.03.11-00.54.38:489][243]SourceControl:Error: Error Failed to connect to source control. Check your settings and connection then try again.
[2015.03.11-00.59.56:318][285]SourceControl:Error: Error Failed to connect to source control. Check your settings and connection then try again.
[2015.03.11-01.00.03:215][370]LogSourceControl: RunCommandInternalRaw: 'git version'
[2015.03.11-01.00.03:215][370]LogSourceControl: RunCommandInternalRaw: ExecProcess ReturnCode=2 OutResults=''
[2015.03.11-01.00.03:249][370]LogSourceControl: RunCommandInternalRaw: 'git version'
[2015.03.11-01.00.03:250][370]LogSourceControl: RunCommandInternalRaw: ExecProcess ReturnCode=2 OutResults=''
[2015.03.11-01.00.51:895][544]LogSourceControl: RunCommandInternalRaw: 'git version'
[2015.03.11-01.00.51:895][544]LogSourceControl: RunCommandInternalRaw: ExecProcess ReturnCode=5 OutResults=''
[2015.03.11-01.00.55:876][580]LogSourceControl: RunCommandInternalRaw: 'git version'
[2015.03.11-01.00.55:877][580]LogSourceControl: RunCommandInternalRaw: ExecProcess ReturnCode=5 OutResults=''
[2015.03.11-01.00.55:877][580]LogSourceControl: RunCommandInternalRaw: 'git version'
[2015.03.11-01.00.55:877][580]LogSourceControl: RunCommandInternalRaw: ExecProcess ReturnCode=5 OutResults=''
[2015.03.11-01.01.02:411][619]LogSourceControl: RunCommandInternalRaw: 'git version'
[2015.03.11-01.01.02:412][619]LogSourceControl: RunCommandInternalRaw: ExecProcess ReturnCode=5 OutResults=''
[2015.03.11-01.01.03:369][629]LogSourceControl: RunCommandInternalRaw: 'git version'
[2015.03.11-01.01.03:369][629]LogSourceControl: RunCommandInternalRaw: ExecProcess ReturnCode=2 OutResults=''
[2015.03.11-01.01.03:655][632]LogSourceControl: RunCommandInternalRaw: 'git version'
[2015.03.11-01.01.03:656][632]LogSourceControl: RunCommandInternalRaw: ExecProcess ReturnCode=2 OutResults=''
[2015.03.11-01.01.04:038][636]LogSourceControl: RunCommandInternalRaw: 'git version'
[2015.03.11-01.01.04:038][636]LogSourceControl: RunCommandInternalRaw: ExecProcess ReturnCode=2 OutResults=''
[2015.03.11-01.01.04:995][646]LogSourceControl: RunCommandInternalRaw: 'git version'
[2015.03.11-01.01.04:996][646]LogSourceControl: RunCommandInternalRaw: ExecProcess ReturnCode=2 OutResults=''
[2015.03.11-01.01.05:091][647]LogSourceControl: RunCommandInternalRaw: 'git version'
[2015.03.11-01.01.05:091][647]LogSourceControl: RunCommandInternalRaw: ExecProcess ReturnCode=2 OutResults=''
[2015.03.11-01.01.05:378][650]LogSourceControl: RunCommandInternalRaw: 'git version'
[2015.03.11-01.01.05:378][650]LogSourceControl: RunCommandInternalRaw: ExecProcess ReturnCode=2 OutResults=''
[2015.03.11-01.01.05:664][653]LogSourceControl: RunCommandInternalRaw: 'git version'
[2015.03.11-01.01.05:665][653]LogSourceControl: RunCommandInternalRaw: ExecProcess ReturnCode=2 OutResults=''
[2015.03.11-01.01.05:952][656]LogSourceControl: RunCommandInternalRaw: 'git version'
[2015.03.11-01.01.05:952][656]LogSourceControl: RunCommandInternalRaw: ExecProcess ReturnCode=2 OutResults=''
[2015.03.11-01.01.06:334][660]LogSourceControl: RunCommandInternalRaw: 'git version'
[2015.03.11-01.01.06:334][660]LogSourceControl: RunCommandInternalRaw: ExecProcess ReturnCode=2 OutResults=''
[2015.03.11-01.01.06:525][662]LogSourceControl: RunCommandInternalRaw: 'git version'
[2015.03.11-01.01.06:525][662]LogSourceControl: RunCommandInternalRaw: ExecProcess ReturnCode=2 OutResults=''
[2015.03.11-01.01.06:811][665]LogSourceControl: RunCommandInternalRaw: 'git version'
[2015.03.11-01.01.06:812][665]LogSourceControl: RunCommandInternalRaw: ExecProcess ReturnCode=2 OutResults=''
[2015.03.11-01.01.07:003][667]LogSourceControl: RunCommandInternalRaw: 'git version'
[2015.03.11-01.01.07:003][667]LogSourceControl: RunCommandInternalRaw: ExecProcess ReturnCode=2 OutResults=''
[2015.03.11-01.01.08:442][682]LogSourceControl: RunCommandInternalRaw: 'git version'
[2015.03.11-01.01.08:443][682]LogSourceControl: RunCommandInternalRaw: ExecProcess ReturnCode=2 OutResults=''
[2015.03.11-01.01.08:443][682]LogSourceControl: RunCommandInternalRaw: 'git version'
[2015.03.11-01.01.08:443][682]LogSourceControl: RunCommandInternalRaw: ExecProcess ReturnCode=2 OutResults=''
[2015.03.11-01.01.08:538][683]SourceControl:Error: Error Failed to connect to source control. Check your settings and connection then try again.
[2015.03.11-01.06.32:114][744]SourceControl: Info Source control is disabled
[2015.03.11-01.07.14:135][974]LogSourceControl: RunCommandInternalRaw: 'git version'
[2015.03.11-01.07.14:136][974]LogSourceControl: RunCommandInternalRaw: ExecProcess ReturnCode=2 OutResults=''
[2015.03.11-01.07.15:655][990]SourceControl:Error: Error Failed to connect to source control. Check your settings and connection then try again.
[2015.03.11-01.07.23:786][ 75]LogSourceControl: RunCommandInternalRaw: 'git version'
[2015.03.11-01.07.23:786][ 75]LogSourceControl: RunCommandInternalRaw: ExecProcess ReturnCode=2 OutResults=''
[2015.03.11-01.07.23:786][ 75]LogSourceControl: RunCommandInternalRaw: 'git version'
[2015.03.11-01.07.23:787][ 75]LogSourceControl: RunCommandInternalRaw: ExecProcess ReturnCode=2 OutResults=''
[2015.03.11-01.08.03:411][213]LogSourceControl: RunCommandInternalRaw: 'git version'
[2015.03.11-01.08.03:412][213]LogSourceControl: RunCommandInternalRaw: ExecProcess ReturnCode=2 OutResults=''
[2015.03.11-01.08.05:045][228]LogSourceControl: RunCommandInternalRaw: 'git version'
[2015.03.11-01.08.05:046][228]LogSourceControl: RunCommandInternalRaw: ExecProcess ReturnCode=2 OutResults=''
[2015.03.11-01.08.05:697][234]LogSourceControl: RunCommandInternalRaw: 'git version'
[2015.03.11-01.08.05:698][234]LogSourceControl: RunCommandInternalRaw: ExecProcess ReturnCode=2 OutResults=''
[2015.03.11-01.08.05:806][235]LogSourceControl: RunCommandInternalRaw: 'git version'
[2015.03.11-01.08.05:807][235]LogSourceControl: RunCommandInternalRaw: ExecProcess ReturnCode=2 OutResults=''
[2015.03.11-01.08.06:024][237]LogSourceControl: RunCommandInternalRaw: 'git version'
[2015.03.11-01.08.06:057][237]LogSourceControl: RunCommandInternalRaw: ExecProcess ReturnCode=0 OutResults='git version 1.9.5.msysgit.0
'
[2015.03.11-01.08.06:241][239]LogSourceControl: RunCommandInternalRaw: 'git version'
[2015.03.11-01.08.06:242][239]LogSourceControl: RunCommandInternalRaw: ExecProcess ReturnCode=2 OutResults=''
[2015.03.11-01.08.06:457][241]LogSourceControl: RunCommandInternalRaw: 'git version'
[2015.03.11-01.08.06:458][241]LogSourceControl: RunCommandInternalRaw: ExecProcess ReturnCode=2 OutResults=''
[2015.03.11-01.08.06:674][243]LogSourceControl: RunCommandInternalRaw: 'git version'
[2015.03.11-01.08.06:674][243]LogSourceControl: RunCommandInternalRaw: ExecProcess ReturnCode=2 OutResults=''
[2015.03.11-01.08.06:892][245]LogSourceControl: RunCommandInternalRaw: 'git version'
[2015.03.11-01.08.06:927][245]LogSourceControl: RunCommandInternalRaw: ExecProcess ReturnCode=0 OutResults='git version 1.9.5.msysgit.0
'
[2015.03.11-01.08.08:932][264]LogSourceControl: RunCommandInternalRaw: 'git version'
[2015.03.11-01.08.08:963][264]LogSourceControl: RunCommandInternalRaw: ExecProcess ReturnCode=0 OutResults='git version 1.9.5.msysgit.0
'
[2015.03.11-01.08.08:963][264]LogSourceControl: RunCommandInternalRaw: 'git version'
[2015.03.11-01.08.08:992][264]LogSourceControl: RunCommandInternalRaw: ExecProcess ReturnCode=0 OutResults='git version 1.9.5.msysgit.0
'
[2015.03.11-01.08.08:994][264]SourceControl:Error: Error You should check out a working copy into your project directory.
[2015.03.11-01.08.08:994][264]SourceControl:Error: Error Project is not part of a Git working copy.
[2015.03.11-01.09.13:822][888]SourceControl:Error: Error You should check out a working copy into your project directory.
[2015.03.11-01.09.13:822][888]SourceControl:Error: Error Project is not part of a Git working copy.
[2015.03.11-01.09.21:309][966]SourceControl: Info Source control is disabled
[2015.03.11-01.09.37:633][ 35]LogEditorViewport: Clicking on Actor (LMB): BP_Sky_Sphere_C (SkySphereBlueprint)
[2015.03.11-01.10.31:622][424]LogSourceControl: RunCommandInternalRaw: 'git version'
[2015.03.11-01.10.31:653][424]LogSourceControl: RunCommandInternalRaw: ExecProcess ReturnCode=0 OutResults='git version 1.9.5.msysgit.0
'
[2015.03.11-01.10.32:937][437]SourceControl:Error: Error You should check out a working copy into your project directory.
[2015.03.11-01.10.32:937][437]SourceControl:Error: Error Project is not part of a Git working copy.
[2015.03.11-01.10.33:977][457]SourceControl:Error: Error You should check out a working copy into your project directory.
[2015.03.11-01.10.33:977][457]SourceControl:Error: Error Project is not part of a Git working copy.
[2015.03.11-01.11.10:135][748]SourceCo